Log file open, 09/18/25 17:50:56
LogWindows: Failed to load 'aqProf.dll' (GetLastError=126)
LogWindows: File 'aqProf.dll' does not exist
LogWindows: Failed to load 'VtuneApi.dll' (GetLastError=126)
LogWindows: File 'VtuneApi.dll' does not exist
LogWindows: Failed to load 'VtuneApi32e.dll' (GetLastError=126)
LogWindows: File 'VtuneApi32e.dll' does not exist
LogConsoleResponse: Display: Failed to find resolution value strings in scalability ini. Falling back to default.
LogConsoleResponse: Display: Failed to find resolution value strings in scalability ini. Falling back to default.
LogInit: Display: Running engine for game: Guns_And_Choices
LogPlatformFile: Not using cached read wrapper
LogTaskGraph: Started task graph with 5 named threads and 35 total threads with 3 sets of task threads.
LogStats: Stats thread started at 0.252795
LogICUInternationalization: ICU TimeZone Detection - Raw Offset: +1:00, Platform Override: ''
LogInit: Display: Loading text-based GConfig....
LogPluginManager: Mounting plugin MeshPainting
LogPluginManager: Mounting plugin XGEController
LogPluginManager: Mounting plugin Paper2D
LogPluginManager: Mounting plugin LiveLink
LogPluginManager: Mounting plugin EnvironmentQueryEditor
LogPluginManager: Mounting plugin AISupport
LogPluginManager: Mounting plugin CameraShakePreviewer
LogPluginManager: Mounting plugin GameplayCameras
LogPluginManager: Mounting plugin LightPropagationVolume
LogPluginManager: Mounting plugin CodeLiteSourceCodeAccess
LogPluginManager: Mounting plugin AnimationSharing
LogPluginManager: Mounting plugin GitSourceControl
LogPluginManager: Mounting plugin KDevelopSourceCodeAccess
LogPluginManager: Mounting plugin NullSourceCodeAccess
LogPluginManager: Mounting plugin PixWinPlugin
LogPluginManager: Mounting plugin PluginUtils
LogPluginManager: Mounting plugin CLionSourceCodeAccess
LogPluginManager: Mounting plugin PlasticSourceControl
LogPluginManager: Mounting plugin PerforceSourceControl
LogPluginManager: Mounting plugin PropertyAccessNode
LogPluginManager: Mounting plugin RiderSourceCodeAccess
LogPluginManager: Mounting plugin SubversionSourceControl
LogPluginManager: Mounting plugin TextureFormatOodle
LogPluginManager: Mounting plugin VisualStudioCodeSourceCodeAccess
LogPluginManager: Mounting plugin UObjectPlugin
LogPluginManager: Mounting plugin VisualStudioSourceCodeAccess
LogPluginManager: Mounting plugin USDImporter
LogPluginManager: Mounting plugin XCodeSourceCodeAccess
LogPluginManager: Mounting plugin DatasmithContent
LogPluginManager: Mounting plugin USDMultiUser
LogPluginManager: Mounting plugin MDLImporter
LogPluginManager: Mounting plugin AssetManagerEditor
LogPluginManager: Mounting plugin VariantManagerContent
LogPluginManager: Mounting plugin CurveEditorTools
LogPluginManager: Mounting plugin CryptoKeys
LogPluginManager: Mounting plugin DataValidation
LogPluginManager: Mounting plugin EditorScriptingUtilities
LogPluginManager: Mounting plugin FacialAnimation
LogPluginManager: Mounting plugin GameplayTagsEditor
LogPluginManager: Mounting plugin GeometryMode
LogPluginManager: Mounting plugin MacGraphicsSwitching
LogPluginManager: Mounting plugin MaterialAnalyzer
LogPluginManager: Mounting plugin PluginBrowser
LogPluginManager: Mounting plugin MobileLauncherProfileWizard
LogPluginManager: Mounting plugin SpeedTreeImporter
LogPluginManager: Mounting plugin AlembicImporter
LogPluginManager: Mounting plugin LuminPlatformFeatures
LogPluginManager: Mounting plugin AutomationUtils
LogPluginManager: Mounting plugin MagicLeap
LogPluginManager: Mounting plugin BackChannel
LogPluginManager: Mounting plugin MagicLeapLightEstimation
LogPluginManager: Mounting plugin ChaosEditor
LogPluginManager: Mounting plugin ChaosCloth
LogPluginManager: Mounting plugin MagicLeapMedia
LogPluginManager: Mounting plugin ChaosNiagara
LogPluginManager: Mounting plugin CharacterAI
LogPluginManager: Mounting plugin ChaosSolverPlugin
LogPluginManager: Mounting plugin ChaosClothEditor
LogPluginManager: Mounting plugin MagicLeapPassableWorld
LogPluginManager: Mounting plugin MLSDK
LogPluginManager: Mounting plugin GeometryCache
LogPluginManager: Mounting plugin Niagara
LogPluginManager: Mounting plugin GeometryCollectionPlugin
LogPluginManager: Mounting plugin GeometryProcessing
LogPluginManager: Mounting plugin MotoSynth
LogPluginManager: Mounting plugin PlanarCut
LogPluginManager: Mounting plugin OpenImageDenoise
LogPluginManager: Mounting plugin ProxyLODPlugin
LogPluginManager: Mounting plugin PlatformCrypto
LogPluginManager: Mounting plugin PythonScriptPlugin
LogPluginManager: Mounting plugin SkeletalReduction
LogPluginManager: Mounting plugin TcpMessaging
LogPluginManager: Mounting plugin UdpMessaging
LogPluginManager: Mounting plugin AvfMedia
LogPluginManager: Mounting plugin AndroidMedia
LogPluginManager: Mounting plugin ImgMedia
LogPluginManager: Mounting plugin MediaCompositing
LogPluginManager: Mounting plugin MediaPlayerEditor
LogPluginManager: Mounting plugin WebMMedia
LogPluginManager: Mounting plugin WmfMedia
LogPluginManager: Mounting plugin ActorSequence
LogPluginManager: Mounting plugin LevelSequenceEditor
LogPluginManager: Mounting plugin MatineeToLevelSequence
LogPluginManager: Mounting plugin SequencerScripting
LogPluginManager: Mounting plugin TemplateSequence
LogPluginManager: Mounting plugin OnlineSubsystem
LogPluginManager: Mounting plugin OnlineSubsystemNull
LogPluginManager: Mounting plugin OnlineSubsystemUtils
LogPluginManager: Mounting plugin LauncherChunkInstaller
LogPluginManager: Mounting plugin ScreenshotTools
LogPluginManager: Mounting plugin ActorLayerUtilities
LogPluginManager: Mounting plugin AndroidDeviceProfileSelector
LogPluginManager: Mounting plugin AndroidPermission
LogPluginManager: Mounting plugin AndroidMoviePlayer
LogPluginManager: Mounting plugin AppleImageUtils
LogPluginManager: Mounting plugin AppleMoviePlayer
LogPluginManager: Mounting plugin ArchVisCharacter
LogPluginManager: Mounting plugin AssetTags
LogPluginManager: Mounting plugin AudioCapture
LogPluginManager: Mounting plugin CableComponent
LogPluginManager: Mounting plugin AudioSynesthesia
LogPluginManager: Mounting plugin ChunkDownloader
LogPluginManager: Mounting plugin CustomMeshComponent
LogPluginManager: Mounting plugin EditableMesh
LogPluginManager: Mounting plugin ExampleDeviceProfileSelector
LogPluginManager: Mounting plugin GoogleCloudMessaging
LogPluginManager: Mounting plugin GooglePAD
LogPluginManager: Mounting plugin MultiUserTakes
LogPluginManager: Mounting plugin Takes
LogPluginManager: Mounting plugin IOSDeviceProfileSelector
LogPluginManager: Mounting plugin LinuxDeviceProfileSelector
LogPluginManager: Mounting plugin LocationServicesBPLibrary
LogPluginManager: Mounting plugin MobilePatchingUtils
LogPluginManager: Mounting plugin OpenXREyeTracker
LogPluginManager: Mounting plugin OpenXR
LogPluginManager: Mounting plugin OpenXRHandTracking
LogPluginManager: Mounting plugin PropertyAccessEditor
LogPluginManager: Mounting plugin PostSplashScreen
LogPluginManager: Mounting plugin ProceduralMeshComponent
LogPluginManager: Mounting plugin PhysXVehicles
LogPluginManager: Mounting plugin RuntimePhysXCooking
LogPluginManager: Mounting plugin SignificanceManager
LogPluginManager: Mounting plugin SoundFields
LogPluginManager: Mounting plugin Synthesis
LogPluginManager: Mounting plugin WebMMoviePlayer
LogPluginManager: Mounting plugin WindowsMoviePlayer
LogPluginManager: Mounting plugin OodleNetwork
LogPluginManager: Mounting plugin OodleData
LogPluginManager: Mounting plugin ConcertMain
LogPluginManager: Mounting plugin MultiUserClient
LogPluginManager: Mounting plugin ContentBrowserClassDataSource
LogPluginManager: Mounting plugin ContentBrowserAssetDataSource
LogPluginManager: Mounting plugin ContentBrowserFileDataSource
LogPluginManager: Mounting plugin OnlineSubsystemIOS
LogPluginManager: Mounting plugin OnlineSubsystemGooglePlay
LogPluginManager: Mounting plugin SQLiteCore
LogPluginManager: Mounting plugin OculusVR
LogPluginManager: Mounting plugin SteamVR
LogPluginManager: Mounting plugin ConcertSyncClient
LogPluginManager: Mounting plugin ConcertSyncCore
PixWinPlugin: PIX capture plugin failed to initialize! Check that the process is launched from PIX.
LogInit: Using libcurl 7.55.1-DEV
LogInit:  - built for x86_64-pc-win32
LogInit:  - supports SSL with OpenSSL/1.1.1
LogInit:  - supports HTTP deflate (compression) using libz 1.2.8
LogInit:  - other features:
LogInit:      CURL_VERSION_SSL
LogInit:      CURL_VERSION_LIBZ
LogInit:      CURL_VERSION_IPV6
LogInit:      CURL_VERSION_ASYNCHDNS
LogInit:      CURL_VERSION_LARGEFILE
LogInit:      CURL_VERSION_IDN
LogInit:  CurlRequestOptions (configurable via config and command line):
LogInit:  - bVerifyPeer = true  - Libcurl will verify peer certificate
LogInit:  - bUseHttpProxy = false  - Libcurl will NOT use HTTP proxy
LogInit:  - bDontReuseConnections = false  - Libcurl will reuse connections
LogInit:  - MaxHostConnections = 16  - Libcurl will limit the number of connections to a host
LogInit:  - LocalHostAddr = Default
LogInit:  - BufferSize = 65536
LogOnline: OSS: Creating online subsystem instance for: NULL
LogInit: WinSock: version 1.1 (2.2), MaxSocks=32767, MaxUdp=65467
LogOnline: OSS: TryLoadSubsystemAndSetDefault: Loaded subsystem for module [NULL]
LogOculusPluginWrapper: OculusPlugin initialized successfully
LogHMD: Failed initializing OVRPlugin 1.59.0
LogInit: Build: ++UE4+Release-4.27-CL-18319896
LogInit: Engine Version: 4.27.2-18319896+++UE4+Release-4.27
LogInit: Compatible Engine Version: 4.27.0-17155196+++UE4+Release-4.27
LogInit: Net CL: 17155196
LogInit: OS: Windows 10 (Release 2009) (), CPU: AMD Ryzen 5 5600 6-Core Processor              , GPU: AMD Radeon RX6500 XT
LogInit: Compiled (64-bit): Nov 30 2021 07:12:08
LogInit: Compiled with Visual C++: 19.24.28315.00
LogInit: Build Configuration: Development
LogInit: Branch Name: ++UE4+Release-4.27
LogInit: Command Line: 
LogInit: Base Directory: C:/Program Files/Epic Games/UE_4.27/Engine/Binaries/Win64/
LogInit: Allocator: TBB
LogInit: Installed Engine Build: 1
LogDevObjectVersion: Number of dev versions registered: 29
LogDevObjectVersion:   Dev-Blueprints (B0D832E4-1F89-4F0D-ACCF-7EB736FD4AA2): 10
LogDevObjectVersion:   Dev-Build (E1C64328-A22C-4D53-A36C-8E866417BD8C): 0
LogDevObjectVersion:   Dev-Core (375EC13C-06E4-48FB-B500-84F0262A717E): 4
LogDevObjectVersion:   Dev-Editor (E4B068ED-F494-42E9-A231-DA0B2E46BB41): 40
LogDevObjectVersion:   Dev-Framework (CFFC743F-43B0-4480-9391-14DF171D2073): 37
LogDevObjectVersion:   Dev-Mobile (B02B49B5-BB20-44E9-A304-32B752E40360): 3
LogDevObjectVersion:   Dev-Networking (A4E4105C-59A1-49B5-A7C5-40C4547EDFEE): 0
LogDevObjectVersion:   Dev-Online (39C831C9-5AE6-47DC-9A44-9C173E1C8E7C): 0
LogDevObjectVersion:   Dev-Physics (78F01B33-EBEA-4F98-B9B4-84EACCB95AA2): 14
LogDevObjectVersion:   Dev-Platform (6631380F-2D4D-43E0-8009-CF276956A95A): 0
LogDevObjectVersion:   Dev-Rendering (12F88B9F-8875-4AFC-A67C-D90C383ABD29): 45
LogDevObjectVersion:   Dev-Sequencer (7B5AE74C-D270-4C10-A958-57980B212A5A): 13
LogDevObjectVersion:   Dev-VR (D7296918-1DD6-4BDD-9DE2-64A83CC13884): 3
LogDevObjectVersion:   Dev-LoadTimes (C2A15278-BFE7-4AFE-6C17-90FF531DF755): 1
LogDevObjectVersion:   Private-Geometry (6EACA3D4-40EC-4CC1-B786-8BED09428FC5): 3
LogDevObjectVersion:   Dev-AnimPhys (29E575DD-E0A3-4627-9D10-D276232CDCEA): 17
LogDevObjectVersion:   Dev-Anim (AF43A65D-7FD3-4947-9873-3E8ED9C1BB05): 15
LogDevObjectVersion:   Dev-ReflectionCapture (6B266CEC-1EC7-4B8F-A30B-E4D90942FC07): 1
LogDevObjectVersion:   Dev-Automation (0DF73D61-A23F-47EA-B727-89E90C41499A): 1
LogDevObjectVersion:   FortniteMain (601D1886-AC64-4F84-AA16-D3DE0DEAC7D6): 47
LogDevObjectVersion:   FortniteRelease (E7086368-6B23-4C58-8439-1B7016265E91): 1
LogDevObjectVersion:   Dev-Enterprise (9DFFBCD6-494F-0158-E221-12823C92A888): 10
LogDevObjectVersion:   Dev-Niagara (F2AED0AC-9AFE-416F-8664-AA7FFA26D6FC): 1
LogDevObjectVersion:   Dev-Destruction (174F1F0B-B4C6-45A5-B13F-2EE8D0FB917D): 10
LogDevObjectVersion:   Dev-Physics-Ext (35F94A83-E258-406C-A318-09F59610247C): 41
LogDevObjectVersion:   Dev-PhysicsMaterial-Chaos (B68FC16E-8B1B-42E2-B453-215C058844FE): 1
LogDevObjectVersion:   Dev-CineCamera (B2E18506-4273-CFC2-A54E-F4BB758BBA07): 1
LogDevObjectVersion:   Dev-VirtualProduction (64F58936-FD1B-42BA-BA96-7289D5D0FA4E): 1
LogDevObjectVersion:   Dev-MediaFramework (6F0ED827-A609-4895-9C91-998D90180EA4): 2
LogLinker: AddRedirectList(C:/Users/simon/OneDrive/Dokumente/Unreal Projects/Guns_And_Choices/Saved/Config/Windows/MDLImporter.ini) has substring redirect /DatasmithContent/Materials/MDL/, these are very slow and should be resolved as soon as possible!
LogInit: Presizing for max 25165824 objects, including 0 objects not considered by GC, pre-allocating 0 bytes for permanent pool.
LogConfig: Applying CVar settings from Section [/Script/Engine.StreamingSettings] File [C:/Users/simon/OneDrive/Dokumente/Unreal Projects/Guns_And_Choices/Saved/Config/Windows/Engine.ini]
LogConfig: Setting CVar [[s.MinBulkDataSizeForAsyncLoading:131072]]
LogConfig: Setting CVar [[s.AsyncLoadingThreadEnabled:0]]
LogConfig: Setting CVar [[s.EventDrivenLoaderEnabled:1]]
LogConfig: Setting CVar [[s.WarnIfTimeLimitExceeded:0]]
LogConfig: Setting CVar [[s.TimeLimitExceededMultiplier:1.5]]
LogConfig: Setting CVar [[s.TimeLimitExceededMinTime:0.005]]
LogConfig: Setting CVar [[s.UseBackgroundLevelStreaming:1]]
LogConfig: Setting CVar [[s.PriorityAsyncLoadingExtraTime:15.0]]
LogConfig: Setting CVar [[s.LevelStreamingActorsUpdateTimeLimit:5.0]]
LogConfig: Setting CVar [[s.PriorityLevelStreamingActorsUpdateExtraTime:5.0]]
LogConfig: Setting CVar [[s.LevelStreamingComponentsRegistrationGranularity:10]]
LogConfig: Setting CVar [[s.UnregisterComponentsTimeLimit:1.0]]
LogConfig: Setting CVar [[s.LevelStreamingComponentsUnregistrationGranularity:5]]
LogConfig: Setting CVar [[s.FlushStreamingOnExit:1]]
LogInit: Object subsystem initialized
LogConfig: Setting CVar [[con.DebugEarlyDefault:1]]
LogConfig: Setting CVar [[r.setres:1280x720]]
[2025.09.18-15.50.57:493][  0]LogConfig: Setting CVar [[r.VSync:0]]
[2025.09.18-15.50.57:493][  0]LogConfig: Setting CVar [[r.RHICmdBypass:0]]
[2025.09.18-15.50.57:493][  0]LogConfig: Applying CVar settings from Section [/Script/Engine.RendererSettings] File [C:/Users/simon/OneDrive/Dokumente/Unreal Projects/Guns_And_Choices/Saved/Config/Windows/Engine.ini]
[2025.09.18-15.50.57:493][  0]LogConfig: Setting CVar [[r.GPUCrashDebugging:0]]
[2025.09.18-15.50.57:493][  0]LogConfig: Applying CVar settings from Section [/Script/Engine.RendererOverrideSettings] File [C:/Users/simon/OneDrive/Dokumente/Unreal Projects/Guns_And_Choices/Saved/Config/Windows/Engine.ini]
[2025.09.18-15.50.57:493][  0]LogConfig: Applying CVar settings from Section [/Script/Engine.StreamingSettings] File [C:/Users/simon/OneDrive/Dokumente/Unreal Projects/Guns_And_Choices/Saved/Config/Windows/Engine.ini]
[2025.09.18-15.50.57:493][  0]LogConfig: Setting CVar [[s.MinBulkDataSizeForAsyncLoading:131072]]
[2025.09.18-15.50.57:493][  0]LogConfig: Setting CVar [[s.AsyncLoadingThreadEnabled:0]]
[2025.09.18-15.50.57:493][  0]LogConfig: Setting CVar [[s.EventDrivenLoaderEnabled:1]]
[2025.09.18-15.50.57:493][  0]LogConfig: Setting CVar [[s.WarnIfTimeLimitExceeded:0]]
[2025.09.18-15.50.57:493][  0]LogConfig: Setting CVar [[s.TimeLimitExceededMultiplier:1.5]]
[2025.09.18-15.50.57:493][  0]LogConfig: Setting CVar [[s.TimeLimitExceededMinTime:0.005]]
[2025.09.18-15.50.57:493][  0]LogConfig: Setting CVar [[s.UseBackgroundLevelStreaming:1]]
[2025.09.18-15.50.57:493][  0]LogConfig: Setting CVar [[s.PriorityAsyncLoadingExtraTime:15.0]]
[2025.09.18-15.50.57:493][  0]LogConfig: Setting CVar [[s.LevelStreamingActorsUpdateTimeLimit:5.0]]
[2025.09.18-15.50.57:493][  0]LogConfig: Setting CVar [[s.PriorityLevelStreamingActorsUpdateExtraTime:5.0]]
[2025.09.18-15.50.57:493][  0]LogConfig: Setting CVar [[s.LevelStreamingComponentsRegistrationGranularity:10]]
[2025.09.18-15.50.57:493][  0]LogConfig: Setting CVar [[s.UnregisterComponentsTimeLimit:1.0]]
[2025.09.18-15.50.57:493][  0]LogConfig: Setting CVar [[s.LevelStreamingComponentsUnregistrationGranularity:5]]
[2025.09.18-15.50.57:493][  0]LogConfig: Setting CVar [[s.FlushStreamingOnExit:1]]
[2025.09.18-15.50.57:493][  0]LogConfig: Applying CVar settings from Section [/Script/Engine.GarbageCollectionSettings] File [C:/Users/simon/OneDrive/Dokumente/Unreal Projects/Guns_And_Choices/Saved/Config/Windows/Engine.ini]
[2025.09.18-15.50.57:493][  0]LogConfig: Setting CVar [[gc.MaxObjectsNotConsideredByGC:1]]
[2025.09.18-15.50.57:493][  0]LogConfig: Setting CVar [[gc.SizeOfPermanentObjectPool:0]]
[2025.09.18-15.50.57:493][  0]LogConfig: Setting CVar [[gc.FlushStreamingOnGC:0]]
[2025.09.18-15.50.57:493][  0]LogConfig: Setting CVar [[gc.NumRetriesBeforeForcingGC:10]]
[2025.09.18-15.50.57:493][  0]LogConfig: Setting CVar [[gc.AllowParallelGC:1]]
[2025.09.18-15.50.57:493][  0]LogConfig: Setting CVar [[gc.TimeBetweenPurgingPendingKillObjects:61.1]]
[2025.09.18-15.50.57:493][  0]LogConfig: Setting CVar [[gc.MaxObjectsInEditor:25165824]]
[2025.09.18-15.50.57:493][  0]LogConfig: Setting CVar [[gc.IncrementalBeginDestroyEnabled:1]]
[2025.09.18-15.50.57:493][  0]LogConfig: Setting CVar [[gc.CreateGCClusters:1]]
[2025.09.18-15.50.57:493][  0]LogConfig: Setting CVar [[gc.MinGCClusterSize:5]]
[2025.09.18-15.50.57:493][  0]LogConfig: Setting CVar [[gc.ActorClusteringEnabled:0]]
[2025.09.18-15.50.57:493][  0]LogConfig: Setting CVar [[gc.BlueprintClusteringEnabled:0]]
[2025.09.18-15.50.57:493][  0]LogConfig: Setting CVar [[gc.UseDisregardForGCOnDedicatedServers:0]]
[2025.09.18-15.50.57:493][  0]LogConfig: Setting CVar [[gc.MultithreadedDestructionEnabled:1]]
[2025.09.18-15.50.57:493][  0]LogConfig: Applying CVar settings from Section [/Script/Engine.NetworkSettings] File [C:/Users/simon/OneDrive/Dokumente/Unreal Projects/Guns_And_Choices/Saved/Config/Windows/Engine.ini]
[2025.09.18-15.50.57:493][  0]LogConfig: Applying CVar settings from Section [/Script/UnrealEd.CookerSettings] File [C:/Users/simon/OneDrive/Dokumente/Unreal Projects/Guns_And_Choices/Saved/Config/Windows/Engine.ini]
[2025.09.18-15.50.57:516][  0]LogConfig: Applying CVar settings from Section [ViewDistanceQuality@3] File [C:/Users/simon/OneDrive/Dokumente/Unreal Projects/Guns_And_Choices/Saved/Config/Windows/Scalability.ini]
[2025.09.18-15.50.57:516][  0]LogConfig: Setting CVar [[r.SkeletalMeshLODBias:0]]
[2025.09.18-15.50.57:516][  0]LogConfig: Setting CVar [[r.ViewDistanceScale:1.0]]
[2025.09.18-15.50.57:516][  0]LogConfig: Applying CVar settings from Section [AntiAliasingQuality@3] File [C:/Users/simon/OneDrive/Dokumente/Unreal Projects/Guns_And_Choices/Saved/Config/Windows/Scalability.ini]
[2025.09.18-15.50.57:516][  0]LogConfig: Setting CVar [[r.PostProcessAAQuality:4]]
[2025.09.18-15.50.57:516][  0]LogConfig: Applying CVar settings from Section [ShadowQuality@3] File [C:/Users/simon/OneDrive/Dokumente/Unreal Projects/Guns_And_Choices/Saved/Config/Windows/Scalability.ini]
[2025.09.18-15.50.57:516][  0]LogConfig: Setting CVar [[r.LightFunctionQuality:1]]
[2025.09.18-15.50.57:516][  0]LogConfig: Setting CVar [[r.ShadowQuality:5]]
[2025.09.18-15.50.57:516][  0]LogConfig: Setting CVar [[r.Shadow.CSM.MaxCascades:10]]
[2025.09.18-15.50.57:516][  0]LogConfig: Setting CVar [[r.Shadow.MaxResolution:2048]]
[2025.09.18-15.50.57:516][  0]LogConfig: Setting CVar [[r.Shadow.MaxCSMResolution:2048]]
[2025.09.18-15.50.57:516][  0]LogConfig: Setting CVar [[r.Shadow.RadiusThreshold:0.01]]
[2025.09.18-15.50.57:516][  0]LogConfig: Setting CVar [[r.Shadow.DistanceScale:1.0]]
[2025.09.18-15.50.57:516][  0]LogConfig: Setting CVar [[r.Shadow.CSM.TransitionScale:1.0]]
[2025.09.18-15.50.57:516][  0]LogConfig: Setting CVar [[r.Shadow.PreShadowResolutionFactor:1.0]]
[2025.09.18-15.50.57:516][  0]LogConfig: Setting CVar [[r.DistanceFieldShadowing:1]]
[2025.09.18-15.50.57:516][  0]LogConfig: Setting CVar [[r.DistanceFieldAO:1]]
[2025.09.18-15.50.57:516][  0]LogConfig: Setting CVar [[r.AOQuality:2]]
[2025.09.18-15.50.57:516][  0]LogConfig: Setting CVar [[r.VolumetricFog:1]]
[2025.09.18-15.50.57:516][  0]LogConfig: Setting CVar [[r.VolumetricFog.GridPixelSize:8]]
[2025.09.18-15.50.57:516][  0]LogConfig: Setting CVar [[r.VolumetricFog.GridSizeZ:128]]
[2025.09.18-15.50.57:516][  0]LogConfig: Setting CVar [[r.VolumetricFog.HistoryMissSupersampleCount:4]]
[2025.09.18-15.50.57:516][  0]LogConfig: Setting CVar [[r.LightMaxDrawDistanceScale:1]]
[2025.09.18-15.50.57:516][  0]LogConfig: Setting CVar [[r.CapsuleShadows:1]]
[2025.09.18-15.50.57:516][  0]LogConfig: Applying CVar settings from Section [PostProcessQuality@3] File [C:/Users/simon/OneDrive/Dokumente/Unreal Projects/Guns_And_Choices/Saved/Config/Windows/Scalability.ini]
[2025.09.18-15.50.57:516][  0]LogConfig: Setting CVar [[r.MotionBlurQuality:4]]
[2025.09.18-15.50.57:516][  0]LogConfig: Setting CVar [[r.AmbientOcclusionMipLevelFactor:0.4]]
[2025.09.18-15.50.57:516][  0]LogConfig: Setting CVar [[r.AmbientOcclusionMaxQuality:100]]
[2025.09.18-15.50.57:516][  0]LogConfig: Setting CVar [[r.AmbientOcclusionLevels:-1]]
[2025.09.18-15.50.57:516][  0]LogConfig: Setting CVar [[r.AmbientOcclusionRadiusScale:1.0]]
[2025.09.18-15.50.57:516][  0]LogConfig: Setting CVar [[r.DepthOfFieldQuality:2]]
[2025.09.18-15.50.57:516][  0]LogConfig: Setting CVar [[r.RenderTargetPoolMin:400]]
[2025.09.18-15.50.57:516][  0]LogConfig: Setting CVar [[r.LensFlareQuality:2]]
[2025.09.18-15.50.57:516][  0]LogConfig: Setting CVar [[r.SceneColorFringeQuality:1]]
[2025.09.18-15.50.57:516][  0]LogConfig: Setting CVar [[r.EyeAdaptationQuality:2]]
[2025.09.18-15.50.57:516][  0]LogConfig: Setting CVar [[r.BloomQuality:5]]
[2025.09.18-15.50.57:516][  0]LogConfig: Setting CVar [[r.FastBlurThreshold:100]]
[2025.09.18-15.50.57:516][  0]LogConfig: Setting CVar [[r.Upscale.Quality:3]]
[2025.09.18-15.50.57:516][  0]LogConfig: Setting CVar [[r.Tonemapper.GrainQuantization:1]]
[2025.09.18-15.50.57:516][  0]LogConfig: Setting CVar [[r.LightShaftQuality:1]]
[2025.09.18-15.50.57:516][  0]LogConfig: Setting CVar [[r.Filter.SizeScale:1]]
[2025.09.18-15.50.57:516][  0]LogConfig: Setting CVar [[r.Tonemapper.Quality:5]]
[2025.09.18-15.50.57:516][  0]LogConfig: Setting CVar [[r.DOF.Gather.AccumulatorQuality:1        ; higher gathering accumulator quality]]
[2025.09.18-15.50.57:516][  0]LogConfig: Setting CVar [[r.DOF.Gather.PostfilterMethod:1          ; Median3x3 postfilering method]]
[2025.09.18-15.50.57:516][  0]LogConfig: Setting CVar [[r.DOF.Gather.EnableBokehSettings:0       ; no bokeh simulation when gathering]]
[2025.09.18-15.50.57:516][  0]LogConfig: Setting CVar [[r.DOF.Gather.RingCount:4                 ; medium number of samples when gathering]]
[2025.09.18-15.50.57:516][  0]LogConfig: Setting CVar [[r.DOF.Scatter.ForegroundCompositing:1    ; additive foreground scattering]]
[2025.09.18-15.50.57:516][  0]LogConfig: Setting CVar [[r.DOF.Scatter.BackgroundCompositing:2    ; additive background scattering]]
[2025.09.18-15.50.57:516][  0]LogConfig: Setting CVar [[r.DOF.Scatter.EnableBokehSettings:1      ; bokeh simulation when scattering]]
[2025.09.18-15.50.57:516][  0]LogConfig: Setting CVar [[r.DOF.Scatter.MaxSpriteRatio:0.1         ; only a maximum of 10% of scattered bokeh]]
[2025.09.18-15.50.57:516][  0]LogConfig: Setting CVar [[r.DOF.Recombine.Quality:1                ; cheap slight out of focus]]
[2025.09.18-15.50.57:516][  0]LogConfig: Setting CVar [[r.DOF.Recombine.EnableBokehSettings:0    ; no bokeh simulation on slight out of focus]]
[2025.09.18-15.50.57:516][  0]LogConfig: Setting CVar [[r.DOF.TemporalAAQuality:1                ; more stable temporal accumulation]]
[2025.09.18-15.50.57:516][  0]LogConfig: Setting CVar [[r.DOF.Kernel.MaxForegroundRadius:0.025]]
[2025.09.18-15.50.57:516][  0]LogConfig: Setting CVar [[r.DOF.Kernel.MaxBackgroundRadius:0.025]]
[2025.09.18-15.50.57:516][  0]LogConfig: Applying CVar settings from Section [TextureQuality@3] File [C:/Users/simon/OneDrive/Dokumente/Unreal Projects/Guns_And_Choices/Saved/Config/Windows/Scalability.ini]
[2025.09.18-15.50.57:516][  0]LogConfig: Setting CVar [[r.Streaming.MipBias:0]]
[2025.09.18-15.50.57:517][  0]LogConfig: Setting CVar [[r.Streaming.AmortizeCPUToGPUCopy:0]]
[2025.09.18-15.50.57:517][  0]LogConfig: Setting CVar [[r.Streaming.MaxNumTexturesToStreamPerFrame:0]]
[2025.09.18-15.50.57:517][  0]LogConfig: Setting CVar [[r.Streaming.Boost:1]]
[2025.09.18-15.50.57:517][  0]LogConfig: Setting CVar [[r.MaxAnisotropy:8]]
[2025.09.18-15.50.57:517][  0]LogConfig: Setting CVar [[r.VT.MaxAnisotropy:8]]
[2025.09.18-15.50.57:517][  0]LogConfig: Setting CVar [[r.Streaming.LimitPoolSizeToVRAM:0]]
[2025.09.18-15.50.57:517][  0]LogConfig: Setting CVar [[r.Streaming.PoolSize:1000]]
[2025.09.18-15.50.57:517][  0]LogConfig: Setting CVar [[r.Streaming.MaxEffectiveScreenSize:0]]
[2025.09.18-15.50.57:517][  0]LogConfig: Applying CVar settings from Section [EffectsQuality@3] File [C:/Users/simon/OneDrive/Dokumente/Unreal Projects/Guns_And_Choices/Saved/Config/Windows/Scalability.ini]
[2025.09.18-15.50.57:517][  0]LogConfig: Setting CVar [[r.TranslucencyLightingVolumeDim:64]]
[2025.09.18-15.50.57:517][  0]LogConfig: Setting CVar [[r.RefractionQuality:2]]
[2025.09.18-15.50.57:517][  0]LogConfig: Setting CVar [[r.SSR.Quality:3]]
[2025.09.18-15.50.57:517][  0]LogConfig: Setting CVar [[r.SSR.HalfResSceneColor:0]]
[2025.09.18-15.50.57:517][  0]LogConfig: Setting CVar [[r.SceneColorFormat:4]]
[2025.09.18-15.50.57:517][  0]LogConfig: Setting CVar [[r.DetailMode:2]]
[2025.09.18-15.50.57:517][  0]LogConfig: Setting CVar [[r.TranslucencyVolumeBlur:1]]
[2025.09.18-15.50.57:517][  0]LogConfig: Setting CVar [[r.MaterialQualityLevel:1 ; High quality]]
[2025.09.18-15.50.57:517][  0]LogConfig: Setting CVar [[r.AnisotropicMaterials:1]]
[2025.09.18-15.50.57:517][  0]LogConfig: Setting CVar [[r.SSS.Scale:1]]
[2025.09.18-15.50.57:517][  0]LogConfig: Setting CVar [[r.SSS.SampleSet:2]]
[2025.09.18-15.50.57:517][  0]LogConfig: Setting CVar [[r.SSS.Quality:1]]
[2025.09.18-15.50.57:517][  0]LogConfig: Setting CVar [[r.SSS.HalfRes:0]]
[2025.09.18-15.50.57:517][  0]LogConfig: Setting CVar [[r.SSGI.Quality:3]]
[2025.09.18-15.50.57:517][  0]LogConfig: Setting CVar [[r.EmitterSpawnRateScale:1.0]]
[2025.09.18-15.50.57:517][  0]LogConfig: Setting CVar [[r.ParticleLightQuality:2]]
[2025.09.18-15.50.57:517][  0]LogConfig: Setting CVar [[r.SkyAtmosphere.AerialPerspectiveLUT.FastApplyOnOpaque:1 ; Always have FastSkyLUT 1 in this case to avoid wrong sky]]
[2025.09.18-15.50.57:517][  0]LogConfig: Setting CVar [[r.SkyAtmosphere.AerialPerspectiveLUT.SampleCountMaxPerSlice:4]]
[2025.09.18-15.50.57:517][  0]LogConfig: Setting CVar [[r.SkyAtmosphere.AerialPerspectiveLUT.DepthResolution:16.0]]
[2025.09.18-15.50.57:517][  0]LogConfig: Setting CVar [[r.SkyAtmosphere.FastSkyLUT:1]]
[2025.09.18-15.50.57:517][  0]LogConfig: Setting CVar [[r.SkyAtmosphere.FastSkyLUT.SampleCountMin:4.0]]
[2025.09.18-15.50.57:517][  0]LogConfig: Setting CVar [[r.SkyAtmosphere.FastSkyLUT.SampleCountMax:128.0]]
[2025.09.18-15.50.57:517][  0]LogConfig: Setting CVar [[r.SkyAtmosphere.SampleCountMin:4.0]]
[2025.09.18-15.50.57:517][  0]LogConfig: Setting CVar [[r.SkyAtmosphere.SampleCountMax:128.0]]
[2025.09.18-15.50.57:517][  0]LogConfig: Setting CVar [[r.SkyAtmosphere.TransmittanceLUT.UseSmallFormat:0]]
[2025.09.18-15.50.57:517][  0]LogConfig: Setting CVar [[r.SkyAtmosphere.TransmittanceLUT.SampleCount:10.0]]
[2025.09.18-15.50.57:517][  0]LogConfig: Setting CVar [[r.SkyAtmosphere.MultiScatteringLUT.SampleCount:15.0]]
[2025.09.18-15.50.57:517][  0]LogConfig: Setting CVar [[r.SkyLight.RealTimeReflectionCapture:1]]
[2025.09.18-15.50.57:517][  0]LogConfig: Applying CVar settings from Section [FoliageQuality@3] File [C:/Users/simon/OneDrive/Dokumente/Unreal Projects/Guns_And_Choices/Saved/Config/Windows/Scalability.ini]
[2025.09.18-15.50.57:517][  0]LogConfig: Setting CVar [[foliage.DensityScale:1.0]]
[2025.09.18-15.50.57:517][  0]LogConfig: Setting CVar [[grass.DensityScale:1.0]]
[2025.09.18-15.50.57:517][  0]LogConfig: Applying CVar settings from Section [ShadingQuality@3] File [C:/Users/simon/OneDrive/Dokumente/Unreal Projects/Guns_And_Choices/Saved/Config/Windows/Scalability.ini]
[2025.09.18-15.50.57:517][  0]LogConfig: Setting CVar [[r.HairStrands.SkyLighting.IntegrationType:2]]
[2025.09.18-15.50.57:517][  0]LogConfig: Setting CVar [[r.HairStrands.SkyAO.SampleCount:4]]
[2025.09.18-15.50.57:517][  0]LogConfig: Setting CVar [[r.HairStrands.Visibility.MSAA.SamplePerPixel:4]]
[2025.09.18-15.50.57:517][  0]LogInit: Selected Device Profile: [Windows]
[2025.09.18-15.50.57:517][  0]LogInit: Applying CVar settings loaded from the selected device profile: [Windows]
[2025.09.18-15.50.57:517][  0]LogHAL: Display: Platform has ~ 24 GB [25644765184 / 34359738368 / 24], which maps to Larger [LargestMinGB=32, LargerMinGB=12, DefaultMinGB=8, SmallerMinGB=6, SmallestMinGB=0)
[2025.09.18-15.50.57:517][  0]LogInit: Going up to parent DeviceProfile []
[2025.09.18-15.50.57:517][  0]LogConfig: Applying CVar settings from Section [ViewDistanceQuality@3] File [C:/Users/simon/OneDrive/Dokumente/Unreal Projects/Guns_And_Choices/Saved/Config/Windows/Scalability.ini]
[2025.09.18-15.50.57:517][  0]LogConfig: Setting CVar [[r.SkeletalMeshLODBias:0]]
[2025.09.18-15.50.57:517][  0]LogConfig: Setting CVar [[r.ViewDistanceScale:1.0]]
[2025.09.18-15.50.57:517][  0]LogConfig: Applying CVar settings from Section [AntiAliasingQuality@3] File [C:/Users/simon/OneDrive/Dokumente/Unreal Projects/Guns_And_Choices/Saved/Config/Windows/Scalability.ini]
[2025.09.18-15.50.57:517][  0]LogConfig: Setting CVar [[r.PostProcessAAQuality:4]]
[2025.09.18-15.50.57:517][  0]LogConfig: Applying CVar settings from Section [ShadowQuality@3] File [C:/Users/simon/OneDrive/Dokumente/Unreal Projects/Guns_And_Choices/Saved/Config/Windows/Scalability.ini]
[2025.09.18-15.50.57:517][  0]LogConfig: Setting CVar [[r.LightFunctionQuality:1]]
[2025.09.18-15.50.57:517][  0]LogConfig: Setting CVar [[r.ShadowQuality:5]]
[2025.09.18-15.50.57:517][  0]LogConfig: Setting CVar [[r.Shadow.CSM.MaxCascades:10]]
[2025.09.18-15.50.57:517][  0]LogConfig: Setting CVar [[r.Shadow.MaxResolution:2048]]
[2025.09.18-15.50.57:517][  0]LogConfig: Setting CVar [[r.Shadow.MaxCSMResolution:2048]]
[2025.09.18-15.50.57:517][  0]LogConfig: Setting CVar [[r.Shadow.RadiusThreshold:0.01]]
[2025.09.18-15.50.57:517][  0]LogConfig: Setting CVar [[r.Shadow.DistanceScale:1.0]]
[2025.09.18-15.50.57:517][  0]LogConfig: Setting CVar [[r.Shadow.CSM.TransitionScale:1.0]]
[2025.09.18-15.50.57:517][  0]LogConfig: Setting CVar [[r.Shadow.PreShadowResolutionFactor:1.0]]
[2025.09.18-15.50.57:517][  0]LogConfig: Setting CVar [[r.DistanceFieldShadowing:1]]
[2025.09.18-15.50.57:517][  0]LogConfig: Setting CVar [[r.DistanceFieldAO:1]]
[2025.09.18-15.50.57:517][  0]LogConfig: Setting CVar [[r.AOQuality:2]]
[2025.09.18-15.50.57:517][  0]LogConfig: Setting CVar [[r.VolumetricFog:1]]
[2025.09.18-15.50.57:517][  0]LogConfig: Setting CVar [[r.VolumetricFog.GridPixelSize:8]]
[2025.09.18-15.50.57:517][  0]LogConfig: Setting CVar [[r.VolumetricFog.GridSizeZ:128]]
[2025.09.18-15.50.57:517][  0]LogConfig: Setting CVar [[r.VolumetricFog.HistoryMissSupersampleCount:4]]
[2025.09.18-15.50.57:517][  0]LogConfig: Setting CVar [[r.LightMaxDrawDistanceScale:1]]
[2025.09.18-15.50.57:517][  0]LogConfig: Setting CVar [[r.CapsuleShadows:1]]
[2025.09.18-15.50.57:517][  0]LogConfig: Applying CVar settings from Section [PostProcessQuality@3] File [C:/Users/simon/OneDrive/Dokumente/Unreal Projects/Guns_And_Choices/Saved/Config/Windows/Scalability.ini]
[2025.09.18-15.50.57:517][  0]LogConfig: Setting CVar [[r.MotionBlurQuality:4]]
[2025.09.18-15.50.57:517][  0]LogConfig: Setting CVar [[r.AmbientOcclusionMipLevelFactor:0.4]]
[2025.09.18-15.50.57:517][  0]LogConfig: Setting CVar [[r.AmbientOcclusionMaxQuality:100]]
[2025.09.18-15.50.57:517][  0]LogConfig: Setting CVar [[r.AmbientOcclusionLevels:-1]]
[2025.09.18-15.50.57:517][  0]LogConfig: Setting CVar [[r.AmbientOcclusionRadiusScale:1.0]]
[2025.09.18-15.50.57:517][  0]LogConfig: Setting CVar [[r.DepthOfFieldQuality:2]]
[2025.09.18-15.50.57:517][  0]LogConfig: Setting CVar [[r.RenderTargetPoolMin:400]]
[2025.09.18-15.50.57:517][  0]LogConfig: Setting CVar [[r.LensFlareQuality:2]]
[2025.09.18-15.50.57:517][  0]LogConfig: Setting CVar [[r.SceneColorFringeQuality:1]]
[2025.09.18-15.50.57:517][  0]LogConfig: Setting CVar [[r.EyeAdaptationQuality:2]]
[2025.09.18-15.50.57:517][  0]LogConfig: Setting CVar [[r.BloomQuality:5]]
[2025.09.18-15.50.57:517][  0]LogConfig: Setting CVar [[r.FastBlurThreshold:100]]
[2025.09.18-15.50.57:517][  0]LogConfig: Setting CVar [[r.Upscale.Quality:3]]
[2025.09.18-15.50.57:517][  0]LogConfig: Setting CVar [[r.Tonemapper.GrainQuantization:1]]
[2025.09.18-15.50.57:517][  0]LogConfig: Setting CVar [[r.LightShaftQuality:1]]
[2025.09.18-15.50.57:517][  0]LogConfig: Setting CVar [[r.Filter.SizeScale:1]]
[2025.09.18-15.50.57:517][  0]LogConfig: Setting CVar [[r.Tonemapper.Quality:5]]
[2025.09.18-15.50.57:517][  0]LogConfig: Setting CVar [[r.DOF.Gather.AccumulatorQuality:1        ; higher gathering accumulator quality]]
[2025.09.18-15.50.57:517][  0]LogConfig: Setting CVar [[r.DOF.Gather.PostfilterMethod:1          ; Median3x3 postfilering method]]
[2025.09.18-15.50.57:517][  0]LogConfig: Setting CVar [[r.DOF.Gather.EnableBokehSettings:0       ; no bokeh simulation when gathering]]
[2025.09.18-15.50.57:517][  0]LogConfig: Setting CVar [[r.DOF.Gather.RingCount:4                 ; medium number of samples when gathering]]
[2025.09.18-15.50.57:517][  0]LogConfig: Setting CVar [[r.DOF.Scatter.ForegroundCompositing:1    ; additive foreground scattering]]
[2025.09.18-15.50.57:517][  0]LogConfig: Setting CVar [[r.DOF.Scatter.BackgroundCompositing:2    ; additive background scattering]]
[2025.09.18-15.50.57:517][  0]LogConfig: Setting CVar [[r.DOF.Scatter.EnableBokehSettings:1      ; bokeh simulation when scattering]]
[2025.09.18-15.50.57:517][  0]LogConfig: Setting CVar [[r.DOF.Scatter.MaxSpriteRatio:0.1         ; only a maximum of 10% of scattered bokeh]]
[2025.09.18-15.50.57:517][  0]LogConfig: Setting CVar [[r.DOF.Recombine.Quality:1                ; cheap slight out of focus]]
[2025.09.18-15.50.57:517][  0]LogConfig: Setting CVar [[r.DOF.Recombine.EnableBokehSettings:0    ; no bokeh simulation on slight out of focus]]
[2025.09.18-15.50.57:517][  0]LogConfig: Setting CVar [[r.DOF.TemporalAAQuality:1                ; more stable temporal accumulation]]
[2025.09.18-15.50.57:517][  0]LogConfig: Setting CVar [[r.DOF.Kernel.MaxForegroundRadius:0.025]]
[2025.09.18-15.50.57:517][  0]LogConfig: Setting CVar [[r.DOF.Kernel.MaxBackgroundRadius:0.025]]
[2025.09.18-15.50.57:517][  0]LogConfig: Applying CVar settings from Section [TextureQuality@3] File [C:/Users/simon/OneDrive/Dokumente/Unreal Projects/Guns_And_Choices/Saved/Config/Windows/Scalability.ini]
[2025.09.18-15.50.57:517][  0]LogConfig: Setting CVar [[r.Streaming.MipBias:0]]
[2025.09.18-15.50.57:517][  0]LogConfig: Setting CVar [[r.Streaming.AmortizeCPUToGPUCopy:0]]
[2025.09.18-15.50.57:517][  0]LogConfig: Setting CVar [[r.Streaming.MaxNumTexturesToStreamPerFrame:0]]
[2025.09.18-15.50.57:517][  0]LogConfig: Setting CVar [[r.Streaming.Boost:1]]
[2025.09.18-15.50.57:517][  0]LogConfig: Setting CVar [[r.MaxAnisotropy:8]]
[2025.09.18-15.50.57:517][  0]LogConfig: Setting CVar [[r.VT.MaxAnisotropy:8]]
[2025.09.18-15.50.57:517][  0]LogConfig: Setting CVar [[r.Streaming.LimitPoolSizeToVRAM:0]]
[2025.09.18-15.50.57:517][  0]LogConfig: Setting CVar [[r.Streaming.PoolSize:1000]]
[2025.09.18-15.50.57:517][  0]LogConfig: Setting CVar [[r.Streaming.MaxEffectiveScreenSize:0]]
[2025.09.18-15.50.57:517][  0]LogConfig: Applying CVar settings from Section [EffectsQuality@3] File [C:/Users/simon/OneDrive/Dokumente/Unreal Projects/Guns_And_Choices/Saved/Config/Windows/Scalability.ini]
[2025.09.18-15.50.57:517][  0]LogConfig: Setting CVar [[r.TranslucencyLightingVolumeDim:64]]
[2025.09.18-15.50.57:517][  0]LogConfig: Setting CVar [[r.RefractionQuality:2]]
[2025.09.18-15.50.57:517][  0]LogConfig: Setting CVar [[r.SSR.Quality:3]]
[2025.09.18-15.50.57:517][  0]LogConfig: Setting CVar [[r.SSR.HalfResSceneColor:0]]
[2025.09.18-15.50.57:518][  0]LogConfig: Setting CVar [[r.SceneColorFormat:4]]
[2025.09.18-15.50.57:518][  0]LogConfig: Setting CVar [[r.DetailMode:2]]
[2025.09.18-15.50.57:518][  0]LogConfig: Setting CVar [[r.TranslucencyVolumeBlur:1]]
[2025.09.18-15.50.57:518][  0]LogConfig: Setting CVar [[r.MaterialQualityLevel:1 ; High quality]]
[2025.09.18-15.50.57:518][  0]LogConfig: Setting CVar [[r.AnisotropicMaterials:1]]
[2025.09.18-15.50.57:518][  0]LogConfig: Setting CVar [[r.SSS.Scale:1]]
[2025.09.18-15.50.57:518][  0]LogConfig: Setting CVar [[r.SSS.SampleSet:2]]
[2025.09.18-15.50.57:518][  0]LogConfig: Setting CVar [[r.SSS.Quality:1]]
[2025.09.18-15.50.57:518][  0]LogConfig: Setting CVar [[r.SSS.HalfRes:0]]
[2025.09.18-15.50.57:518][  0]LogConfig: Setting CVar [[r.SSGI.Quality:3]]
[2025.09.18-15.50.57:518][  0]LogConfig: Setting CVar [[r.EmitterSpawnRateScale:1.0]]
[2025.09.18-15.50.57:518][  0]LogConfig: Setting CVar [[r.ParticleLightQuality:2]]
[2025.09.18-15.50.57:518][  0]LogConfig: Setting CVar [[r.SkyAtmosphere.AerialPerspectiveLUT.FastApplyOnOpaque:1 ; Always have FastSkyLUT 1 in this case to avoid wrong sky]]
[2025.09.18-15.50.57:518][  0]LogConfig: Setting CVar [[r.SkyAtmosphere.AerialPerspectiveLUT.SampleCountMaxPerSlice:4]]
[2025.09.18-15.50.57:518][  0]LogConfig: Setting CVar [[r.SkyAtmosphere.AerialPerspectiveLUT.DepthResolution:16.0]]
[2025.09.18-15.50.57:518][  0]LogConfig: Setting CVar [[r.SkyAtmosphere.FastSkyLUT:1]]
[2025.09.18-15.50.57:518][  0]LogConfig: Setting CVar [[r.SkyAtmosphere.FastSkyLUT.SampleCountMin:4.0]]
[2025.09.18-15.50.57:518][  0]LogConfig: Setting CVar [[r.SkyAtmosphere.FastSkyLUT.SampleCountMax:128.0]]
[2025.09.18-15.50.57:518][  0]LogConfig: Setting CVar [[r.SkyAtmosphere.SampleCountMin:4.0]]
[2025.09.18-15.50.57:518][  0]LogConfig: Setting CVar [[r.SkyAtmosphere.SampleCountMax:128.0]]
[2025.09.18-15.50.57:518][  0]LogConfig: Setting CVar [[r.SkyAtmosphere.TransmittanceLUT.UseSmallFormat:0]]
[2025.09.18-15.50.57:518][  0]LogConfig: Setting CVar [[r.SkyAtmosphere.TransmittanceLUT.SampleCount:10.0]]
[2025.09.18-15.50.57:518][  0]LogConfig: Setting CVar [[r.SkyAtmosphere.MultiScatteringLUT.SampleCount:15.0]]
[2025.09.18-15.50.57:518][  0]LogConfig: Setting CVar [[r.SkyLight.RealTimeReflectionCapture:1]]
[2025.09.18-15.50.57:518][  0]LogConfig: Applying CVar settings from Section [FoliageQuality@3] File [C:/Users/simon/OneDrive/Dokumente/Unreal Projects/Guns_And_Choices/Saved/Config/Windows/Scalability.ini]
[2025.09.18-15.50.57:518][  0]LogConfig: Setting CVar [[foliage.DensityScale:1.0]]
[2025.09.18-15.50.57:518][  0]LogConfig: Setting CVar [[grass.DensityScale:1.0]]
[2025.09.18-15.50.57:518][  0]LogConfig: Applying CVar settings from Section [ShadingQuality@3] File [C:/Users/simon/OneDrive/Dokumente/Unreal Projects/Guns_And_Choices/Saved/Config/Windows/Scalability.ini]
[2025.09.18-15.50.57:518][  0]LogConfig: Setting CVar [[r.HairStrands.SkyLighting.IntegrationType:2]]
[2025.09.18-15.50.57:518][  0]LogConfig: Setting CVar [[r.HairStrands.SkyAO.SampleCount:4]]
[2025.09.18-15.50.57:518][  0]LogConfig: Setting CVar [[r.HairStrands.Visibility.MSAA.SamplePerPixel:4]]
[2025.09.18-15.50.57:518][  0]LogConfig: Applying CVar settings from Section [Startup] File [../../../Engine/Config/ConsoleVariables.ini]
[2025.09.18-15.50.57:518][  0]LogConfig: Setting CVar [[net.UseAdaptiveNetUpdateFrequency:0]]
[2025.09.18-15.50.57:518][  0]LogConfig: Setting CVar [[p.chaos.AllowCreatePhysxBodies:1]]
[2025.09.18-15.50.57:518][  0]LogConfig: Setting CVar [[fx.SkipVectorVMBackendOptimizations:1]]
[2025.09.18-15.50.57:518][  0]LogConfig: Applying CVar settings from Section [ConsoleVariables] File [C:/Users/simon/OneDrive/Dokumente/Unreal Projects/Guns_And_Choices/Saved/Config/Windows/Engine.ini]
[2025.09.18-15.50.57:518][  0]LogConfig: Applying CVar settings from Section [ConsoleVariables] File [C:/Users/simon/OneDrive/Dokumente/Unreal Projects/Guns_And_Choices/Saved/Config/Windows/Editor.ini]
[2025.09.18-15.50.57:518][  0]LogInit: Computer: SIMONSPC
[2025.09.18-15.50.57:518][  0]LogInit: User: simon
[2025.09.18-15.50.57:518][  0]LogInit: CPU Page size=4096, Cores=6
[2025.09.18-15.50.57:518][  0]LogInit: High frequency timer resolution =10.000000 MHz
[2025.09.18-15.50.57:518][  0]LogMemory: Memory total: Physical=23.9GB (24GB approx)
[2025.09.18-15.50.57:518][  0]LogMemory: Platform Memory Stats for Windows
[2025.09.18-15.50.57:518][  0]LogMemory: Process Physical Memory: 149.66 MB used, 149.66 MB peak
[2025.09.18-15.50.57:518][  0]LogMemory: Process Virtual Memory: 122.38 MB used, 122.38 MB peak
[2025.09.18-15.50.57:518][  0]LogMemory: Physical Memory: 13840.45 MB used,  10616.30 MB free, 24456.75 MB total
[2025.09.18-15.50.57:518][  0]LogMemory: Virtual Memory: 134201920.00 MB used,  15811.85 MB free, 134217728.00 MB total
[2025.09.18-15.50.57:524][  0]LogWindows: WindowsPlatformFeatures enabled
[2025.09.18-15.50.57:555][  0]LogInit: Physics initialised using underlying interface: PhysX
[2025.09.18-15.50.57:555][  0]LogInit: Using OS detected language (de-DE).
[2025.09.18-15.50.57:555][  0]LogInit: Using OS detected locale (de-DE).
[2025.09.18-15.50.57:563][  0]LogTextLocalizationManager: No specific localization for 'de-DE' exists, so the 'de' localization will be used.
[2025.09.18-15.50.57:563][  0]LogTextLocalizationResource: LocRes '../../../Engine/Content/Localization/Editor/de/Editor.locres' could not be opened for reading!
[2025.09.18-15.50.57:563][  0]LogTextLocalizationResource: LocRes '../../../Engine/Content/Localization/EditorTutorials/de/EditorTutorials.locres' could not be opened for reading!
[2025.09.18-15.50.57:563][  0]LogTextLocalizationResource: LocRes '../../../Engine/Content/Localization/Keywords/de/Keywords.locres' could not be opened for reading!
[2025.09.18-15.50.57:563][  0]LogTextLocalizationResource: LocRes '../../../Engine/Content/Localization/Category/de/Category.locres' could not be opened for reading!
[2025.09.18-15.50.57:563][  0]LogTextLocalizationResource: LocRes '../../../Engine/Content/Localization/ToolTips/de/ToolTips.locres' could not be opened for reading!
[2025.09.18-15.50.57:563][  0]LogTextLocalizationResource: LocRes '../../../Engine/Content/Localization/PropertyNames/de/PropertyNames.locres' could not be opened for reading!
[2025.09.18-15.50.57:563][  0]LogTextLocalizationResource: LocRes '../../../Engine/Content/Localization/Engine/de/Engine.locres' could not be opened for reading!
[2025.09.18-15.50.57:564][  0]LogInit: Setting process to per monitor DPI aware
[2025.09.18-15.50.57:574][  0]LogWindowsTextInputMethodSystem: Display: IME system deactivated.
[2025.09.18-15.50.57:590][  0]LogSlate: New Slate User Created.  User Index 0, Is Virtual User: 0
[2025.09.18-15.50.57:590][  0]LogSlate: Slate User Registered.  User Index 0, Is Virtual User: 0
[2025.09.18-15.50.57:809][  0]LogD3D11RHI: Loaded GFSDK_Aftermath_Lib.x64.dll
[2025.09.18-15.50.57:817][  0]LogHMD: Failed to initialize OpenVR with code 110
[2025.09.18-15.50.57:817][  0]LogD3D11RHI: D3D11 min allowed feature level: 11_0
[2025.09.18-15.50.57:817][  0]LogD3D11RHI: D3D11 max allowed feature level: 11_0
[2025.09.18-15.50.57:817][  0]LogD3D11RHI: D3D11 adapters:
[2025.09.18-15.50.57:886][  0]LogD3D11RHI:    0. 'AMD Radeon RX 6500 XT' (Feature Level 11_0)
[2025.09.18-15.50.57:886][  0]LogD3D11RHI:       4051/0/12228 MB DedicatedVideo/DedicatedSystem/SharedSystem, Outputs:2, VendorId:0x1002
[2025.09.18-15.50.57:889][  0]LogD3D11RHI:    1. 'Microsoft Basic Render Driver' (Feature Level 11_0)
[2025.09.18-15.50.57:889][  0]LogD3D11RHI:       0/0/12228 MB DedicatedVideo/DedicatedSystem/SharedSystem, Outputs:0, VendorId:0x1414
[2025.09.18-15.50.57:889][  0]LogD3D11RHI: Chosen D3D11 Adapter:
[2025.09.18-15.50.57:889][  0]LogD3D11RHI:     Description : AMD Radeon RX 6500 XT
[2025.09.18-15.50.57:889][  0]LogD3D11RHI:     VendorId    : 1002
[2025.09.18-15.50.57:889][  0]LogD3D11RHI:     DeviceId    : 743f
[2025.09.18-15.50.57:889][  0]LogD3D11RHI:     SubSysId    : 5d91043
[2025.09.18-15.50.57:889][  0]LogD3D11RHI:     Revision    : 00c1
[2025.09.18-15.50.57:889][  0]LogD3D11RHI:     DedicatedVideoMemory : 4248014848 bytes
[2025.09.18-15.50.57:889][  0]LogD3D11RHI:     DedicatedSystemMemory : 0 bytes
[2025.09.18-15.50.57:889][  0]LogD3D11RHI:     SharedSystemMemory : 12822382592 bytes
[2025.09.18-15.50.57:889][  0]LogD3D11RHI:     AdapterLuid : 0 62603
[2025.09.18-15.50.57:896][  0]LogD3D11RHI: Creating new Direct3DDevice
[2025.09.18-15.50.57:896][  0]LogD3D11RHI:     GPU DeviceId: 0x743f (for the marketing name, search the web for "GPU Device Id")
[2025.09.18-15.50.57:896][  0]LogWindows: EnumDisplayDevices:
[2025.09.18-15.50.57:896][  0]LogWindows:    0. 'AMD Radeon RX6500 XT' (P:1 D:1)
[2025.09.18-15.50.57:896][  0]LogWindows:    1. 'AMD Radeon RX6500 XT' (P:0 D:1)
[2025.09.18-15.50.57:896][  0]LogWindows:    2. 'AMD Radeon RX6500 XT' (P:0 D:0)
[2025.09.18-15.50.57:897][  0]LogWindows: DebugString: PrimaryIsNotTheChoosenAdapter PrimaryIsNotTheChoosenAdapter PrimaryIsNotTheChoosenAdapter FoundDriverCount:0 
[2025.09.18-15.50.57:897][  0]LogD3D11RHI:     Adapter Name: AMD Radeon RX 6500 XT
[2025.09.18-15.50.57:897][  0]LogD3D11RHI:   Driver Version: Unknown (internal:Unknown, unified:Unknown)
[2025.09.18-15.50.57:897][  0]LogD3D11RHI:      Driver Date: Unknown
[2025.09.18-15.50.57:897][  0]LogRHI: Texture pool is 2410 MB (70% of 3443 MB)
[2025.09.18-15.50.57:922][  0]LogD3D11RHI: Creating D3DDevice with AMD AGS, using adapter:
[2025.09.18-15.50.57:922][  0]LogD3D11RHI:     Description : AMD Radeon RX 6500 XT
[2025.09.18-15.50.57:922][  0]LogD3D11RHI:     VendorId    : 1002
[2025.09.18-15.50.57:922][  0]LogD3D11RHI:     DeviceId    : 743f
[2025.09.18-15.50.57:922][  0]LogD3D11RHI:     SubSysId    : 5d91043
[2025.09.18-15.50.57:922][  0]LogD3D11RHI:     Revision    : 00c1
[2025.09.18-15.50.57:922][  0]LogD3D11RHI:     DedicatedVideoMemory : 4248014848 bytes
[2025.09.18-15.50.57:922][  0]LogD3D11RHI:     DedicatedSystemMemory : 0 bytes
[2025.09.18-15.50.57:922][  0]LogD3D11RHI:     SharedSystemMemory : 12822382592 bytes
[2025.09.18-15.50.57:922][  0]LogD3D11RHI:     AdapterLuid : 0 62603
[2025.09.18-15.50.57:985][  0]LogD3D11RHI: Created device via AGS, feature level 11_0, supported extensions 1fffffbf.
[2025.09.18-15.50.57:985][  0]LogD3D11RHI: RHI has support for 64 bit atomics
[2025.09.18-15.50.57:985][  0]LogD3D11RHI: Async texture creation enabled
[2025.09.18-15.50.57:985][  0]LogD3D11RHI: Array index from any shader is supported
[2025.09.18-15.50.57:999][  0]LogD3D11RHI: GPU Timing Frequency: 100.000000 (Debug: 2 1)
[2025.09.18-15.50.58:239][  0]LogTargetPlatformManager: Display: Loaded TargetPlatform 'AllDesktop'
[2025.09.18-15.50.58:258][  0]LogTargetPlatformManager: Display: Loaded TargetPlatform 'Android'
[2025.09.18-15.50.58:258][  0]LogTargetPlatformManager: Display: Loaded TargetPlatform 'Android_ASTC'
[2025.09.18-15.50.58:258][  0]LogTargetPlatformManager: Display: Loaded TargetPlatform 'Android_DXT'
[2025.09.18-15.50.58:258][  0]LogTargetPlatformManager: Display: Loaded TargetPlatform 'Android_ETC2'
[2025.09.18-15.50.58:258][  0]LogTargetPlatformManager: Display: Loaded TargetPlatform 'AndroidClient'
[2025.09.18-15.50.58:258][  0]LogTargetPlatformManager: Display: Loaded TargetPlatform 'Android_ASTCClient'
[2025.09.18-15.50.58:258][  0]LogTargetPlatformManager: Display: Loaded TargetPlatform 'Android_DXTClient'
[2025.09.18-15.50.58:258][  0]LogTargetPlatformManager: Display: Loaded TargetPlatform 'Android_ETC2Client'
[2025.09.18-15.50.58:258][  0]LogTargetPlatformManager: Display: Loaded TargetPlatform 'Android_Multi'
[2025.09.18-15.50.58:258][  0]LogTargetPlatformManager: Display: Loaded TargetPlatform 'Android_MultiClient'
[2025.09.18-15.50.58:277][  0]LogTargetPlatformManager: Display: Loaded TargetPlatform 'IOSClient'
[2025.09.18-15.50.58:277][  0]LogTargetPlatformManager: Display: Loaded TargetPlatform 'IOS'
[2025.09.18-15.50.58:285][  0]LogTargetPlatformManager: Display: Loaded TargetPlatform 'Linux'
[2025.09.18-15.50.58:289][  0]LogTargetPlatformManager: Display: Loaded TargetPlatform 'LinuxNoEditor'
[2025.09.18-15.50.58:295][  0]LogTargetPlatformManager: Display: Loaded TargetPlatform 'LinuxClient'
[2025.09.18-15.50.58:299][  0]LogTargetPlatformManager: Display: Loaded TargetPlatform 'LinuxServer'
[2025.09.18-15.50.58:308][  0]LogTargetPlatformManager: Display: Loaded TargetPlatform 'LinuxAArch64NoEditor'
[2025.09.18-15.50.58:313][  0]LogTargetPlatformManager: Display: Loaded TargetPlatform 'LinuxAArch64Client'
[2025.09.18-15.50.58:317][  0]LogTargetPlatformManager: Display: Loaded TargetPlatform 'LinuxAArch64Server'
[2025.09.18-15.50.58:338][  0]LogTargetPlatformManager: Display: Loaded TargetPlatform 'Lumin'
[2025.09.18-15.50.58:338][  0]LogTargetPlatformManager: Display: Loaded TargetPlatform 'LuminClient'
[2025.09.18-15.50.58:346][  0]LogTargetPlatformManager: Display: Loaded TargetPlatform 'MacNoEditor'
[2025.09.18-15.50.58:352][  0]LogTargetPlatformManager: Display: Loaded TargetPlatform 'Mac'
[2025.09.18-15.50.58:357][  0]LogTargetPlatformManager: Display: Loaded TargetPlatform 'MacClient'
[2025.09.18-15.50.58:361][  0]LogTargetPlatformManager: Display: Loaded TargetPlatform 'MacServer'
[2025.09.18-15.50.58:370][  0]LogTargetPlatformManager: Display: Loaded TargetPlatform 'TVOSClient'
[2025.09.18-15.50.58:370][  0]LogTargetPlatformManager: Display: Loaded TargetPlatform 'TVOS'
[2025.09.18-15.50.58:377][  0]LogTargetPlatformManager: Display: Loaded TargetPlatform 'WindowsNoEditor'
[2025.09.18-15.50.58:382][  0]LogTargetPlatformManager: Display: Loaded TargetPlatform 'Windows'
[2025.09.18-15.50.58:388][  0]LogTargetPlatformManager: Display: Loaded TargetPlatform 'WindowsClient'
[2025.09.18-15.50.58:393][  0]LogTargetPlatformManager: Display: Loaded TargetPlatform 'WindowsServer'
[2025.09.18-15.50.58:393][  0]LogTargetPlatformManager: Display: Building Assets For Windows
[2025.09.18-15.50.58:402][  0]LogAudioDebug: Display: Lib vorbis DLL was dynamically loaded.
[2025.09.18-15.50.58:438][  0]LogTextureFormatOodle: Display: Oodle Texture 2.9.0 init RDO Off
[2025.09.18-15.50.58:477][  0]LogRendererCore: Ray tracing is disabled. Reason: r.RayTracing=0.
[2025.09.18-15.50.58:477][  0]LogShaderCompilers: Guid format shader working directory is -36 characters bigger than the processId version (../../../../../../Users/simon/OneDrive/Dokumente/Unreal Projects/Guns_And_Choices/Intermediate/Shaders/WorkingDirectory/28652/).
[2025.09.18-15.50.58:477][  0]LogShaderCompilers: Cleaned the shader compiler working directory 'C:/Users/simon/AppData/Local/Temp/UnrealShaderWorkingDir/4408D1A54F2FD01110A25F828CD780F9/'.
[2025.09.18-15.50.58:477][  0]LogXGEController: Cannot use XGE Controller as Incredibuild is not installed on this machine.
[2025.09.18-15.50.58:477][  0]LogShaderCompilers: Cannot use XGE Shader Compiler as Incredibuild is not installed on this machine.
[2025.09.18-15.50.58:477][  0]LogShaderCompilers: Display: Using Local Shader Compiler.
[2025.09.18-15.50.59:162][  0]LogDerivedDataCache: Display: Max Cache Size: 512 MB
[2025.09.18-15.50.59:249][  0]LogDerivedDataCache: Loaded boot cache 0.09s 94MB C:/Users/simon/AppData/Local/UnrealEngine/4.27/DerivedDataCache/Boot.ddc.
[2025.09.18-15.50.59:249][  0]LogDerivedDataCache: Display: Loaded Boot cache: C:/Users/simon/AppData/Local/UnrealEngine/4.27/DerivedDataCache/Boot.ddc
[2025.09.18-15.50.59:249][  0]LogDerivedDataCache: FDerivedDataBackendGraph:  Pak pak cache file ../../../../../../Users/simon/OneDrive/Dokumente/Unreal Projects/Guns_And_Choices/DerivedDataCache/DDC.ddp not found, will not use a pak cache.
[2025.09.18-15.50.59:249][  0]LogDerivedDataCache: Unable to find inner node Pak for hierarchical cache Hierarchy.
[2025.09.18-15.50.59:249][  0]LogDerivedDataCache: FDerivedDataBackendGraph:  CompressedPak pak cache file ../../../../../../Users/simon/OneDrive/Dokumente/Unreal Projects/Guns_And_Choices/DerivedDataCache/Compressed.ddp not found, will not use a pak cache.
[2025.09.18-15.50.59:249][  0]LogDerivedDataCache: Unable to find inner node CompressedPak for hierarchical cache Hierarchy.
[2025.09.18-15.50.59:265][  0]LogDerivedDataCache: Display: Pak cache opened for reading ../../../Engine/DerivedDataCache/Compressed.ddp.
[2025.09.18-15.50.59:265][  0]LogDerivedDataCache: FDerivedDataBackendGraph:  EnterprisePak pak cache file ../../../Enterprise/DerivedDataCache/Compressed.ddp not found, will not use a pak cache.
[2025.09.18-15.50.59:265][  0]LogDerivedDataCache: Unable to find inner node EnterprisePak for hierarchical cache Hierarchy.
[2025.09.18-15.50.59:276][  0]LogDerivedDataCache: Speed tests for C:/Users/simon/AppData/Local/UnrealEngine/Common/DerivedDataCache took 0.01 seconds
[2025.09.18-15.50.59:276][  0]LogDerivedDataCache: Display: Performance to C:/Users/simon/AppData/Local/UnrealEngine/Common/DerivedDataCache: Latency=0.05ms. RandomReadSpeed=292.06MBs, RandomWriteSpeed=144.57MBs. Assigned SpeedClass 'Local'
[2025.09.18-15.50.59:277][  0]LogDerivedDataCache: Using Local data cache path C:/Users/simon/AppData/Local/UnrealEngine/Common/DerivedDataCache: Writable
[2025.09.18-15.50.59:277][  0]LogDerivedDataCache: Shared data cache path not found in *engine.ini, will not use an Shared cache.
[2025.09.18-15.50.59:277][  0]LogDerivedDataCache: Unable to find inner node Shared for hierarchical cache Hierarchy.
[2025.09.18-15.50.59:314][  0]LogSlate: Using FreeType 2.10.0
[2025.09.18-15.50.59:316][  0]LogSlate: SlateFontServices - WITH_FREETYPE: 1, WITH_HARFBUZZ: 1
[2025.09.18-15.50.59:342][  0]LogAssetRegistry: FAssetRegistry took 0.0024 seconds to start up
[2025.09.18-15.50.59:561][  0]LogInit: Selected Device Profile: [Windows]
[2025.09.18-15.50.59:561][  0]LogInit: Active device profile: [0000015BF2BDD100][0000015BE5770C80 49] Windows
[2025.09.18-15.50.59:562][  0]LogInit: Profiles: [0000015BF2BDD100][0000015BE5770C80 49] Windows, [0000015BF2BAA600][0000015BE5774DC0 49] WindowsNoEditor, [0000015BF2BDE200][0000015BEB6BCF40 49] WindowsServer, [0000015BF2BA9800][0000015BEB6C10C0 49] WindowsClient, [0000015BF2BDD700][0000015BEB6C5240 49] IOS, [0000015BF2BAA800][0000015BEB6C93C0 49] iPadAir, [0000015BF2BDFC00][0000015BEB6CD540 49] iPadAir2, [0000015BF2B4D400][0000015BEB6D5800 49] IPadPro, [0000015BF2B4D500][0000015BEB6D1840 49] iPadAir3, [0000015BF2BAB900][0000015BEB6D99C0 49] iPadAir4, [0000015BF2B4E300][0000015BEB6DDB40 49] iPadMini2, [0000015BF2BAB000][0000015BF3682140 49] iPadMini3, [0000015BF2B4EF00][0000015BF36862C0 49] iPadMini4, [0000015BF2BA9D00][0000015BF368A440 49] iPadMini5, [0000015BF2B79000][0000015BF3692700 49] iPhone6, [0000015BF2B79100][0000015BF368E740 49] iPodTouch6, [0000015BF2BDF900][0000015BF369AA00 49] iPhone7, [0000015BF2BDE900][0000015BF3696A40 49] iPodTouch7, [0000015BF2B4D000][0000015BEB6B8B80 49] iPhone5S, [0000015BF2BDEF00][0000015BF369ECC0 49] iPhone6Plus, [0000015BF2B4F600][0000015BF36A2E00 49] iPhone6S, [0000015BF2BDCC00][0000015BF36A6F40 49] iPhone6SPlus, [0000015BF2BDDD00][0000015BF36AF0C0 49] iPhone7Plus, [0000015BF2B78800][0000015BF36B3240 49] iPhoneSE, [0000015BF2BDC400][0000015BF36B73C0 49] iPhone8, [0000015BF2B78900][0000015BF36BB540 49] iPhone8Plus, [0000015BF2B7AE00][0000015BF36BF6C0 49] iPhoneX, [0000015BF2B4DD00][0000015BF36C3840 49] iPhoneXS, [0000015BF2B7A700][0000015BF36C79C0 49] iPhoneXSMax, [0000015BF2B4DC00][0000015BF36CBB40 49] iPhoneXR, [0000015BF2B7A800][0000015BF36CE140 49] iPhone11, [0000015BF2B4CF00][0000015BF36D22C0 49] iPhone11Pro, [0000015BF2B78B00][0000015BF36D6440 49] iPhone11ProMax, [0000015BF2B4CD00][0000015BF36DA5C0 49] iPhoneSE2, [0000015BF2B78E00][0000015BF36DE740 49] iPhone12Mini, [0000015BF2BDF800][0000015BF36E28C0 49] iPhone12, [0000015BF2B7B000][0000015BF36E6A40 49] iPhone12Pro, [0000015BF2BDF700][0000015BF36EABC0 49] iPhone12ProMax, [0000015BF2B79E00][0000015BF36EED40 49] iPadPro105, [0000015BF2BDD300][0000015BF36AAE80 49] iPadPro129, [0000015BF2B7BE00][0000015BF36F2FC0 49] iPadPro97, [0000015BF2BDDC00][0000015BF36F7100 49] iPadPro2_129, [0000015BF2B7A000][0000015BF36FF280 49] iPad5, [0000015BF2BDE300][0000015BF3703400 49] iPad6, [0000015BF2B7BB00][0000015BF3707580 49] iPad7, [0000015BF2BDDE00][0000015BF370B700 49] iPad8, [0000015BF2B78A00][0000015BF370F880 49] iPadPro11, [0000015BF2BDE600][0000015BF3713A00 49] iPadPro2_11, [0000015BF2B78F00][0000015BF3717B80 49] iPadPro3_129, [0000015BF2BDE800][0000015BF371A180 49] iPadPro4_129, [0000015BF2B7BC00][0000015BF371E300 49] AppleTV, [0000015BF2BDDA00][0000015BF3722480 49] AppleTV4K, [0000015BF2B7A600][0000015BF3726600 49] TVOS, [0000015BF2BDE100][0000015BF372A780 49] Mac, [0000015BF2B7AF00][0000015BF372E900 49] MacClient, [0000015BF2BDEA00][0000015BF3732A80 49] MacNoEditor, [0000015BF2B7AC00][0000015BF3736C00 49] MacServer, [0000015BF2BDF000][0000015BF373AD80 49] Linux, [0000015BF2B78400][0000015BF373EF00 49] LinuxAArch64, [0000015BF2BDC700][0000015BF36FB040 49] LinuxNoEditor, [0000015BF2B7B700][0000015BF3743180 49] LinuxAArch64NoEditor, [0000015BF2BDFB00][0000015BF37472C0 49] LinuxClient, [0000015BF2B7B400][0000015BF374F440 49] LinuxAArch64Client, [0000015BF2BDFE00][0000015BF37535C0 49] LinuxServer, [0000015BF2B78700][0000015BF3757740 49] LinuxAArch64Server, [0000015BF2BDDF00][0000015BF375B8C0 49] Android, [0000015BF2B7AA00][0000015BF375FA40 49] Android_Low, [0000015BF2BDED00][0000015BF3763BC0 49] Android_Mid, [0000015BF2B79F00][0000015BF37661C0 49] Android_High, [0000015BF2BDEB00][0000015BF376A340 49] Android_Default, [0000015BF2B78100][0000015BF376E4C0 49] Android_Adreno4xx, [0000015BF2BDC500][0000015BF3772640 49] Android_Adreno5xx_Low, [0000015BF2B79400][0000015BF37767C0 49] Android_Adreno5xx, [0000015BF2BDF400][0000015BF377A940 49] Android_Adreno6xx, [0000015BF2B7A300][0000015BF377EAC0 49] Android_Adreno6xx_Vulkan, [0000015BF2BDFD00][0000015BF3782C40 49] Android_Mali_T6xx, [0000015BF2B78200][0000015BF3786DC0 49] Android_Mali_T7xx, [0000015BF2BDF600][0000015BF378AF40 49] Android_Mali_T8xx, [0000015BF2B7B200][0000015BF378F0C0 49] Android_Mali_G71, [0000015BF2B4F100][0000015BF374B200 49] Android_Mali_G72, [0000015BF2BAAE00][0000015BF3793340 49] Android_Mali_G72_Vulkan, [0000015BF2B4EB00][0000015BF3797480 49] Android_Mali_G76, [0000015BF2BA8500][0000015BF379B5C0 49] Android_Mali_G76_Vulkan, [0000015BF2B4CC00][0000015BF37A3740 49] Android_Mali_G77, [0000015BF2BA8600][0000015BF37A78C0 49] Android_Mali_G77_Vulkan, [0000015BF2B4E400][0000015BF37ABA40 49] Android_Mali_G78, [0000015BF2BA8D00][0000015BF37AFBC0 49] Android_Mali_G78_Vulkan, [0000015BF2B4FD00][0000015BF37B21C0 49] Android_Mali_G710, [0000015BF2BAAA00][0000015BF37B6340 49] Android_Mali_G710_Vulkan, [0000015BF2B4EA00][0000015BF37BA4C0 49] Android_Vulkan_SM5, [0000015BF2BA9900][0000015BF37BE640 49] Android_PowerVR_G6xxx, [0000015BF2B4C500][0000015BF37C27C0 49] Android_PowerVR_GT7xxx, [0000015BF2BA8200][0000015BF37C6940 49] Android_PowerVR_GE8xxx, [0000015BF2B4FB00][0000015BF37CAAC0 49] Android_PowerVR_GM9xxx, [0000015BF2BAA000][0000015BF37CEC40 49] Android_PowerVR_GM9xxx_Vulkan, [0000015BF2B4DF00][0000015BF37D2DC0 49] Android_TegraK1, [0000015BF2BA8A00][0000015BF37D6F40 49] Android_Unknown_Vulkan, [0000015BF2B4F900][0000015BF37DB0C0 49] Lumin, [0000015BF2BA9100][0000015BF37DF240 49] Lumin_Desktop, [0000015BF2B4E000][0000015BF379F380 49] HoloLens, 
[2025.09.18-15.50.59:687][  0]LogMeshReduction: Using QuadricMeshReduction for automatic static mesh reduction
[2025.09.18-15.50.59:687][  0]LogMeshReduction: Using SimplygonMeshReduction for automatic skeletal mesh reduction
[2025.09.18-15.50.59:687][  0]LogMeshReduction: Using ProxyLODMeshReduction for automatic mesh merging
[2025.09.18-15.50.59:687][  0]LogMeshReduction: No distributed automatic mesh merging module available
[2025.09.18-15.50.59:687][  0]LogMeshMerging: No distributed automatic mesh merging module available
[2025.09.18-15.50.59:702][  0]LogNetVersion: Guns_And_Choices 1.0.0, NetCL: 17155196, EngineNetVer: 17, GameNetVer: 0 (Checksum: 2532032908)
[2025.09.18-15.51.00:088][  0]LogTexture: Default maximum texture size for cubemaps generated from long-lat sources has been changed from 512 to unlimited. In order to preserve old behaiour for '/Engine/MapTemplates/Sky/DaylightAmbientCubemap.DaylightAmbientCubemap', its maximum texture size has been explicitly set to 512.
[2025.09.18-15.51.00:139][  0]LogHMD: PokeAHoleMaterial loaded successfully
[2025.09.18-15.51.00:144][  0]LogUObjectArray: 17178 objects as part of root set at end of initial load.
[2025.09.18-15.51.00:144][  0]LogUObjectAllocator: 4302048 out of 0 bytes used by permanent object pool.
[2025.09.18-15.51.00:144][  0]LogUObjectArray: CloseDisregardForGC: 0/0 objects in disregard for GC pool
[2025.09.18-15.51.00:559][  0]LogNiagaraDebuggerClient: Niagara Debugger Client Initialized | Session: 1C2A7FB84726BB2CB97925A786ABF743 | Instance: 06F9D90346791E6C279553A854F02C17 (SIMONSPC-28652).
[2025.09.18-15.51.00:596][  0]LogPython: Using Python 3.7.7
[2025.09.18-15.51.01:067][  0]LogTcpMessaging: Initializing TcpMessaging bridge
[2025.09.18-15.51.01:074][  0]LogUdpMessaging: Initializing bridge on interface 0.0.0.0:0 to multicast group 230.0.0.1:6666.
[2025.09.18-15.51.01:456][  0]SourceControl: Source control is disabled
[2025.09.18-15.51.01:456][  0]SourceControl: Source control is disabled
[2025.09.18-15.51.01:467][  0]SourceControl: Source control is disabled
[2025.09.18-15.51.01:482][  0]LogUProjectInfo: Found projects:
[2025.09.18-15.51.01:493][  0]LogVSAccessor: Display: Unable to create Visual Studio setup instance: 80040154
[2025.09.18-15.51.01:493][  0]LogVSAccessor: Display: Unable to create Visual Studio setup instance: 80040154
[2025.09.18-15.51.01:494][  0]LogVSAccessor: Display: Unable to create Visual Studio setup instance: 80040154
[2025.09.18-15.51.02:306][  0]LogUsd: Updated LibraryPaths for USD plugInfo.json file 'C:/Program Files/Epic Games/UE_4.27/Engine/Binaries/ThirdParty/USD/UsdResources/Win64/plugins/ar/resources/plugInfo.json'
[2025.09.18-15.51.02:308][  0]LogUsd: Updated LibraryPaths for USD plugInfo.json file 'C:/Program Files/Epic Games/UE_4.27/Engine/Binaries/ThirdParty/USD/UsdResources/Win64/plugins/ndr/resources/plugInfo.json'
[2025.09.18-15.51.02:309][  0]LogUsd: Updated LibraryPaths for USD plugInfo.json file 'C:/Program Files/Epic Games/UE_4.27/Engine/Binaries/ThirdParty/USD/UsdResources/Win64/plugins/sdf/resources/plugInfo.json'
[2025.09.18-15.51.02:309][  0]LogUsd: Updated LibraryPaths for USD plugInfo.json file 'C:/Program Files/Epic Games/UE_4.27/Engine/Binaries/ThirdParty/USD/UsdResources/Win64/plugins/usd/resources/plugInfo.json'
[2025.09.18-15.51.02:309][  0]LogUsd: Updated LibraryPaths for USD plugInfo.json file 'C:/Program Files/Epic Games/UE_4.27/Engine/Binaries/ThirdParty/USD/UsdResources/Win64/plugins/usd/resources/codegenTemplates/plugInfo.json'
[2025.09.18-15.51.02:310][  0]LogUsd: Updated LibraryPaths for USD plugInfo.json file 'C:/Program Files/Epic Games/UE_4.27/Engine/Binaries/ThirdParty/USD/UsdResources/Win64/plugins/usdGeom/resources/plugInfo.json'
[2025.09.18-15.51.02:310][  0]LogUsd: Updated LibraryPaths for USD plugInfo.json file 'C:/Program Files/Epic Games/UE_4.27/Engine/Binaries/ThirdParty/USD/UsdResources/Win64/plugins/usdHydra/resources/plugInfo.json'
[2025.09.18-15.51.02:312][  0]LogUsd: Updated LibraryPaths for USD plugInfo.json file 'C:/Program Files/Epic Games/UE_4.27/Engine/Binaries/ThirdParty/USD/UsdResources/Win64/plugins/usdLux/resources/plugInfo.json'
[2025.09.18-15.51.02:313][  0]LogUsd: Updated LibraryPaths for USD plugInfo.json file 'C:/Program Files/Epic Games/UE_4.27/Engine/Binaries/ThirdParty/USD/UsdResources/Win64/plugins/usdMedia/resources/plugInfo.json'
[2025.09.18-15.51.02:314][  0]LogUsd: Updated LibraryPaths for USD plugInfo.json file 'C:/Program Files/Epic Games/UE_4.27/Engine/Binaries/ThirdParty/USD/UsdResources/Win64/plugins/usdRender/resources/plugInfo.json'
[2025.09.18-15.51.02:315][  0]LogUsd: Updated LibraryPaths for USD plugInfo.json file 'C:/Program Files/Epic Games/UE_4.27/Engine/Binaries/ThirdParty/USD/UsdResources/Win64/plugins/usdRi/resources/plugInfo.json'
[2025.09.18-15.51.02:316][  0]LogUsd: Updated LibraryPaths for USD plugInfo.json file 'C:/Program Files/Epic Games/UE_4.27/Engine/Binaries/ThirdParty/USD/UsdResources/Win64/plugins/usdShade/resources/plugInfo.json'
[2025.09.18-15.51.02:317][  0]LogUsd: Updated LibraryPaths for USD plugInfo.json file 'C:/Program Files/Epic Games/UE_4.27/Engine/Binaries/ThirdParty/USD/UsdResources/Win64/plugins/usdSkel/resources/plugInfo.json'
[2025.09.18-15.51.02:317][  0]LogUsd: Updated LibraryPaths for USD plugInfo.json file 'C:/Program Files/Epic Games/UE_4.27/Engine/Binaries/ThirdParty/USD/UsdResources/Win64/plugins/usdUI/resources/plugInfo.json'
[2025.09.18-15.51.02:318][  0]LogUsd: Updated LibraryPaths for USD plugInfo.json file 'C:/Program Files/Epic Games/UE_4.27/Engine/Binaries/ThirdParty/USD/UsdResources/Win64/plugins/usdVol/resources/plugInfo.json'
[2025.09.18-15.51.17:471][  0]LogOpenImageDenoise: OIDN starting up
[2025.09.18-15.51.17:596][  0]LogAndroidPermission: UAndroidPermissionCallbackProxy::GetInstance
[2025.09.18-15.51.17:620][  0]LogAudioCaptureCore: Display: No Audio Capture implementations found. Audio input will be silent.
[2025.09.18-15.51.17:620][  0]LogAudioCaptureCore: Display: No Audio Capture implementations found. Audio input will be silent.
[2025.09.18-15.51.17:915][  0]LogCollectionManager: Loaded 0 collections in 0.001250 seconds
[2025.09.18-15.51.17:943][  0]LogFileCache: Scanning file cache for directory 'C:/Users/simon/OneDrive/Dokumente/Unreal Projects/Guns_And_Choices/Saved/Collections/' took 0.00s
[2025.09.18-15.51.17:943][  0]LogFileCache: Scanning file cache for directory 'C:/Users/simon/OneDrive/Dokumente/Unreal Projects/Guns_And_Choices/Content/Developers/simon/Collections/' took 0.00s
[2025.09.18-15.51.17:943][  0]LogFileCache: Scanning file cache for directory 'C:/Users/simon/OneDrive/Dokumente/Unreal Projects/Guns_And_Choices/Content/Collections/' took 0.00s
[2025.09.18-15.51.17:943][  0]LogOcInput: OculusInput pre-init called
[2025.09.18-15.51.18:157][  0]LogClass: Display: EnumProperty FMultiUserClientConfig::ValidationMode is not initialized properly. Module:MultiUserClientLibrary File:Public/MultiUserClientStatics.h
[2025.09.18-15.51.18:157][  0]LogClass: Display: StructProperty FMultiUserClientInfo::AvatarColor is not initialized properly. Module:MultiUserClientLibrary File:Public/MultiUserClientStatics.h
[2025.09.18-15.51.18:157][  0]LogClass: Display: 2 Uninitialized script struct members found including 0 object properties
[2025.09.18-15.51.18:158][  0]LogEngine: Initializing Engine...
[2025.09.18-15.51.18:174][  0]LogHMD: Failed to enumerate extensions. Please check that you have a valid OpenXR runtime installed.
[2025.09.18-15.51.18:174][  0]LogHMD: Failed to initialize OpenVR with code 110
[2025.09.18-15.51.18:174][  0]LogMagicLeap: Warning: VR disabled because ZI is not enabled.  To enable, in the editor, Edit -> Project Settings -> Plugins -> Magic Leap Plugin -> Enable Zero Iteration
[2025.09.18-15.51.18:176][  0]LogStats: UGameplayTagsManager::InitializeManager -  0.000 s
[2025.09.18-15.51.18:315][  0]LogInit: Initializing FReadOnlyCVARCache
[2025.09.18-15.51.18:324][  0]LogAIModule: Creating AISystem for world Untitled
[2025.09.18-15.51.18:325][  0]LogAudio: Display: Initializing Audio Device Manager...
[2025.09.18-15.51.18:329][  0]LogAudio: Display: Loading Default Audio Settings Objects...
[2025.09.18-15.51.18:329][  0]LogAudio: Display: No default SoundConcurrencyObject specified (or failed to load).
[2025.09.18-15.51.18:329][  0]LogAudio: Display: Audio Device Manager Initialized
[2025.09.18-15.51.18:329][  0]LogAudio: Display: Creating Audio Device:                 Id: 1, Scope: Shared, Realtime: True
[2025.09.18-15.51.18:329][  0]LogAudioMixer: Display: Audio Mixer Platform Settings:
[2025.09.18-15.51.18:329][  0]LogAudioMixer: Display: 	Sample Rate:						  48000
[2025.09.18-15.51.18:329][  0]LogAudioMixer: Display: 	Callback Buffer Frame Size Requested: 1024
[2025.09.18-15.51.18:329][  0]LogAudioMixer: Display: 	Callback Buffer Frame Size To Use:	  1024
[2025.09.18-15.51.18:329][  0]LogAudioMixer: Display: 	Number of buffers to queue:			  2
[2025.09.18-15.51.18:329][  0]LogAudioMixer: Display: 	Max Channels (voices):				  32
[2025.09.18-15.51.18:329][  0]LogAudioMixer: Display: 	Number of Async Source Workers:		  0
[2025.09.18-15.51.18:329][  0]LogAudio: Display: AudioDevice MaxSources: 32
[2025.09.18-15.51.18:329][  0]LogAudio: Display: Audio Spatialization Plugin: None (built-in).
[2025.09.18-15.51.18:329][  0]LogAudio: Display: Audio Reverb Plugin: None (built-in).
[2025.09.18-15.51.18:329][  0]LogAudio: Display: Audio Occlusion Plugin: None (built-in).
[2025.09.18-15.51.18:329][  0]LogAudioMixer: Display: Initializing audio mixer.
[2025.09.18-15.51.18:343][  0]LogAudioMixer: Display: 0: FrontLeft
[2025.09.18-15.51.18:343][  0]LogAudioMixer: Display: 1: FrontRight
[2025.09.18-15.51.18:355][  0]LogAudioMixer: Display: Using Audio Device Lautsprecher (JBL Quantum Stream Talk)
[2025.09.18-15.51.18:360][  0]LogAudioMixer: Display: Initializing Sound Submixes...
[2025.09.18-15.51.18:363][  0]LogAudioMixer: Display: Creating Master Submix 'MasterSubmixDefault'
[2025.09.18-15.51.18:363][  0]LogAudioMixer: Display: Creating Master Submix 'MasterReverbSubmixDefault'
[2025.09.18-15.51.18:364][  0]LogAudioMixer: Display: Creating Master Submix 'MasterEQSubmixDefault'
[2025.09.18-15.51.18:364][  0]LogAudioMixer: FMixerPlatformXAudio2::StartAudioStream() called
[2025.09.18-15.51.18:364][  0]LogAudioMixer: Display: Output buffers initialized: Frames=1024, Channels=2, Samples=2048
[2025.09.18-15.51.18:364][  0]LogAudioMixer: Display: Starting AudioMixerPlatformInterface::RunInternal()
[2025.09.18-15.51.18:364][  0]LogAudioMixer: Display: FMixerPlatformXAudio2::SubmitBuffer() called for the first time
[2025.09.18-15.51.18:364][  0]LogInit: FAudioDevice initialized.
[2025.09.18-15.51.18:365][  0]LogAudio: Display: Audio Device (ID: 1) registered with world 'Untitled'.
[2025.09.18-15.51.18:365][  0]LogNetVersion: Set ProjectVersion to 1.0.0.0. Version Checksum will be recalculated on next use.
[2025.09.18-15.51.18:406][  0]LogDerivedDataCache: Saved boot cache 0.04s 94MB C:/Users/simon/AppData/Local/UnrealEngine/4.27/DerivedDataCache/Boot.ddc.
[2025.09.18-15.51.18:407][  0]LogInit: Texture streaming: Enabled
[2025.09.18-15.51.18:420][  0]LogAnalytics: Display: [UEEditor.Rocket.Release] APIServer = https://datarouter.ol.epicgames.com/. AppVersion = 4.27.2-18319896+++UE4+Release-4.27
[2025.09.18-15.51.18:424][  0]LogEngineSessionManager: EngineSessionManager initialized
[2025.09.18-15.51.18:424][  0]LogEditorSessionSummary: Verbose: Initializing EditorSessionSummaryWriter for editor session tracking
[2025.09.18-15.51.18:425][  0]LogEditorSessionSummary: EditorSessionSummaryWriter initialized
[2025.09.18-15.51.18:458][  0]LogInit: Transaction tracking system initialized
[2025.09.18-15.51.18:490][  0]BlueprintLog: New page: Editor Load
[2025.09.18-15.51.18:596][  0]LocalizationService: Localization service is disabled
[2025.09.18-15.51.18:631][  0]TimingProfiler: Initialize
[2025.09.18-15.51.18:631][  0]TimingProfiler: OnSessionChanged
[2025.09.18-15.51.18:631][  0]LoadingProfiler: Initialize
[2025.09.18-15.51.18:632][  0]LoadingProfiler: OnSessionChanged
[2025.09.18-15.51.18:632][  0]NetworkingProfiler: Initialize
[2025.09.18-15.51.18:632][  0]NetworkingProfiler: OnSessionChanged
[2025.09.18-15.51.18:632][  0]MemoryProfiler: Initialize
[2025.09.18-15.51.18:632][  0]MemoryProfiler: OnSessionChanged
[2025.09.18-15.51.18:699][  0]LogVSAccessor: Display: Unable to create Visual Studio setup instance: 80040154
[2025.09.18-15.51.18:701][  0]LogVSAccessor: Display: Unable to create Visual Studio setup instance: 80040154
[2025.09.18-15.51.18:701][  0]LogVSAccessor: Display: Unable to create Visual Studio setup instance: 80040154
[2025.09.18-15.51.18:723][  0]DDCNotifications: Shared DDC not detected, performance notification enabled
[2025.09.18-15.51.18:804][  0]LogCook: Display: CookSettings for Memory: MemoryMaxUsedVirtual 0MiB, MemoryMaxUsedPhysical 16384MiB, MemoryMinFreeVirtual 0MiB, MemoryMinFreePhysical 1024MiB
[2025.09.18-15.51.18:804][  0]LogCook: Display: Mobile HDR setting 1
[2025.09.18-15.51.18:910][  0]LogFileCache: Scanning file cache for directory 'C:/Users/simon/OneDrive/Dokumente/Unreal Projects/Guns_And_Choices/Content/' took 0.01s
[2025.09.18-15.51.18:910][  0]LogUsd: Added ConcertSync filters for UUsdTransactor
[2025.09.18-15.51.19:283][  0]LogInit: Display: Engine is initialized. Leaving FEngineLoop::Init()
[2025.09.18-15.51.24:689][  0]SourceControl: Error: P4ERROR: Failed to connect to source control provider.
[2025.09.18-15.51.24:689][  0]SourceControl: Error: Connect to server failed; check $P4PORT.
TCP connect to perforce:1666 failed.
Der angegebene Host ist unbekannt. 

[2025.09.18-15.51.24:689][  0]SourceControl: Error: Port=perforce:1666, User=simon, ClientSpec=, Ticket=
[2025.09.18-15.51.24:689][  0]LogUnrealEdMisc: Loading editor; pre map load, took 28.463
[2025.09.18-15.51.24:689][  0]Cmd: MAP LOAD FILE="../../../../../../Users/simon/OneDrive/Dokumente/Unreal Projects/Guns_And_Choices/Content/ThirdPersonBP/Maps/ThirdPersonExampleMap.umap" TEMPLATE=0 SHOWPROGRESS=1 FEATURELEVEL=3
[2025.09.18-15.51.24:691][  0]LightingResults: New page: Lighting Build
[2025.09.18-15.51.24:692][  0]LogWorld: UWorld::CleanupWorld for Untitled, bSessionEnded=true, bCleanupResources=true
[2025.09.18-15.51.24:692][  0]LogSlate: InvalidateAllWidgets triggered.  All widgets were invalidated
[2025.09.18-15.51.24:692][  0]MapCheck: New page: Map Check
[2025.09.18-15.51.24:692][  0]LightingResults: New page: Lighting Build
[2025.09.18-15.51.24:701][  0]LogAudio: Display: Audio Device unregistered from world 'None'.
[2025.09.18-15.51.24:703][  0]LogUObjectHash: Compacting FUObjectHashTables data took   0.68ms
[2025.09.18-15.51.24:949][  0]LogAudio: Display: Audio Device (ID: 1) registered with world 'ThirdPersonExampleMap'.
[2025.09.18-15.51.24:950][  0]LogAIModule: Creating AISystem for world ThirdPersonExampleMap
[2025.09.18-15.51.24:966][  0]LogEditorServer: Finished looking for orphan Actors (0.000 secs)
[2025.09.18-15.51.24:974][  0]LogUObjectHash: Compacting FUObjectHashTables data took   0.71ms
[2025.09.18-15.51.24:975][  0]Cmd: MAP CHECKDEP NOCLEARLOG
[2025.09.18-15.51.24:975][  0]MapCheck: Map check complete: 0 Error(s), 0 Warning(s), took 0,168ms to complete.
[2025.09.18-15.51.24:975][  0]LogFileHelpers: Loading map 'ThirdPersonExampleMap' took 0.285
[2025.09.18-15.51.24:977][  0]LogUnrealEdMisc: Total Editor Startup Time, took 28.750
[2025.09.18-15.51.25:108][  0]LogSlate: Updating window title bar state: overlay mode, drag disabled, window buttons hidden, title bar hidden
[2025.09.18-15.51.25:114][  0]LogSlate: Updating window title bar state: overlay mode, drag disabled, window buttons hidden, title bar hidden
[2025.09.18-15.51.25:118][  0]LogSlate: Updating window title bar state: overlay mode, drag disabled, window buttons hidden, title bar hidden
[2025.09.18-15.51.25:123][  0]LogSlate: Updating window title bar state: overlay mode, drag disabled, window buttons hidden, title bar hidden
[2025.09.18-15.51.25:151][  0]LogNativeClassHierarchy: Verbose: Native class hierarchy populated in 0.0085 seconds. Added 3896 classes and 979 folders.
[2025.09.18-15.51.25:159][  0]LogNativeClassHierarchy: Verbose: Native class hierarchy updated for 'WidgetCarousel' in 0.0002 seconds. Added 0 classes and 0 folders.
[2025.09.18-15.51.25:163][  0]LogPakFile: PakFile PrimaryIndexSize=187
[2025.09.18-15.51.25:163][  0]LogPakFile: PakFile PathHashIndexSize=101
[2025.09.18-15.51.25:163][  0]LogPakFile: PakFile FullDirectoryIndexSize=148
[2025.09.18-15.51.25:164][  0]LogShaderLibrary: Display: ShaderCodeLibraryPakFileMountedCallback: PakFile 'C:/Program Files/Epic Games/UE_4.27/FeaturePacks/FP_FirstPerson.upack' (chunk index -1, root 'root:/') mounted
[2025.09.18-15.51.25:164][  0]LogShaderLibrary: Display: ShaderCodeLibraryPakFileMountedCallback: pending pak file info (ChunkID:-1 Root:root:/ File:C:/Program Files/Epic Games/UE_4.27/FeaturePacks/FP_FirstPerson.upack)
[2025.09.18-15.51.25:164][  0]LogPakFile: OnPakFileMounted2Time == 0.000805
[2025.09.18-15.51.25:166][  0]LogPakFile: PakFile PrimaryIndexSize=189
[2025.09.18-15.51.25:166][  0]LogPakFile: PakFile PathHashIndexSize=101
[2025.09.18-15.51.25:166][  0]LogPakFile: PakFile FullDirectoryIndexSize=152
[2025.09.18-15.51.25:166][  0]LogShaderLibrary: Display: ShaderCodeLibraryPakFileMountedCallback: PakFile 'C:/Program Files/Epic Games/UE_4.27/FeaturePacks/FP_FirstPersonBP.upack' (chunk index -1, root 'root:/') mounted
[2025.09.18-15.51.25:166][  0]LogShaderLibrary: Display: ShaderCodeLibraryPakFileMountedCallback: pending pak file info (ChunkID:-1 Root:root:/ File:C:/Program Files/Epic Games/UE_4.27/FeaturePacks/FP_FirstPersonBP.upack)
[2025.09.18-15.51.25:166][  0]LogPakFile: OnPakFileMounted2Time == 0.000029
[2025.09.18-15.51.25:167][  0]LogPakFile: PakFile PrimaryIndexSize=191
[2025.09.18-15.51.25:167][  0]LogPakFile: PakFile PathHashIndexSize=101
[2025.09.18-15.51.25:167][  0]LogPakFile: PakFile FullDirectoryIndexSize=160
[2025.09.18-15.51.25:167][  0]LogShaderLibrary: Display: ShaderCodeLibraryPakFileMountedCallback: PakFile 'C:/Program Files/Epic Games/UE_4.27/FeaturePacks/MobileStarterContent.upack' (chunk index -1, root 'root:/') mounted
[2025.09.18-15.51.25:167][  0]LogShaderLibrary: Display: ShaderCodeLibraryPakFileMountedCallback: pending pak file info (ChunkID:-1 Root:root:/ File:C:/Program Files/Epic Games/UE_4.27/FeaturePacks/MobileStarterContent.upack)
[2025.09.18-15.51.25:167][  0]LogPakFile: OnPakFileMounted2Time == 0.000024
[2025.09.18-15.51.25:169][  0]LogPakFile: PakFile PrimaryIndexSize=185
[2025.09.18-15.51.25:169][  0]LogPakFile: PakFile PathHashIndexSize=101
[2025.09.18-15.51.25:169][  0]LogPakFile: PakFile FullDirectoryIndexSize=148
[2025.09.18-15.51.25:169][  0]LogShaderLibrary: Display: ShaderCodeLibraryPakFileMountedCallback: PakFile 'C:/Program Files/Epic Games/UE_4.27/FeaturePacks/StarterContent.upack' (chunk index -1, root 'root:/') mounted
[2025.09.18-15.51.25:169][  0]LogShaderLibrary: Display: ShaderCodeLibraryPakFileMountedCallback: pending pak file info (ChunkID:-1 Root:root:/ File:C:/Program Files/Epic Games/UE_4.27/FeaturePacks/StarterContent.upack)
[2025.09.18-15.51.25:169][  0]LogPakFile: OnPakFileMounted2Time == 0.000032
[2025.09.18-15.51.25:170][  0]LogPakFile: PakFile PrimaryIndexSize=190
[2025.09.18-15.51.25:170][  0]LogPakFile: PakFile PathHashIndexSize=101
[2025.09.18-15.51.25:170][  0]LogPakFile: PakFile FullDirectoryIndexSize=154
[2025.09.18-15.51.25:170][  0]LogShaderLibrary: Display: ShaderCodeLibraryPakFileMountedCallback: PakFile 'C:/Program Files/Epic Games/UE_4.27/FeaturePacks/TP_2DSideScroller.upack' (chunk index -1, root 'root:/') mounted
[2025.09.18-15.51.25:170][  0]LogShaderLibrary: Display: ShaderCodeLibraryPakFileMountedCallback: pending pak file info (ChunkID:-1 Root:root:/ File:C:/Program Files/Epic Games/UE_4.27/FeaturePacks/TP_2DSideScroller.upack)
[2025.09.18-15.51.25:170][  0]LogPakFile: OnPakFileMounted2Time == 0.000038
[2025.09.18-15.51.25:171][  0]LogPakFile: PakFile PrimaryIndexSize=192
[2025.09.18-15.51.25:171][  0]LogPakFile: PakFile PathHashIndexSize=101
[2025.09.18-15.51.25:171][  0]LogPakFile: PakFile FullDirectoryIndexSize=158
[2025.09.18-15.51.25:171][  0]LogShaderLibrary: Display: ShaderCodeLibraryPakFileMountedCallback: PakFile 'C:/Program Files/Epic Games/UE_4.27/FeaturePacks/TP_2DSideScrollerBP.upack' (chunk index -1, root 'root:/') mounted
[2025.09.18-15.51.25:171][  0]LogShaderLibrary: Display: ShaderCodeLibraryPakFileMountedCallback: pending pak file info (ChunkID:-1 Root:root:/ File:C:/Program Files/Epic Games/UE_4.27/FeaturePacks/TP_2DSideScrollerBP.upack)
[2025.09.18-15.51.25:171][  0]LogPakFile: OnPakFileMounted2Time == 0.000024
[2025.09.18-15.51.25:172][  0]LogPakFile: PakFile PrimaryIndexSize=182
[2025.09.18-15.51.25:172][  0]LogPakFile: PakFile PathHashIndexSize=101
[2025.09.18-15.51.25:172][  0]LogPakFile: PakFile FullDirectoryIndexSize=138
[2025.09.18-15.51.25:172][  0]LogShaderLibrary: Display: ShaderCodeLibraryPakFileMountedCallback: PakFile 'C:/Program Files/Epic Games/UE_4.27/FeaturePacks/TP_Flying.upack' (chunk index -1, root 'root:/') mounted
[2025.09.18-15.51.25:172][  0]LogShaderLibrary: Display: ShaderCodeLibraryPakFileMountedCallback: pending pak file info (ChunkID:-1 Root:root:/ File:C:/Program Files/Epic Games/UE_4.27/FeaturePacks/TP_Flying.upack)
[2025.09.18-15.51.25:172][  0]LogPakFile: OnPakFileMounted2Time == 0.000027
[2025.09.18-15.51.25:173][  0]LogPakFile: PakFile PrimaryIndexSize=184
[2025.09.18-15.51.25:173][  0]LogPakFile: PakFile PathHashIndexSize=101
[2025.09.18-15.51.25:173][  0]LogPakFile: PakFile FullDirectoryIndexSize=142
[2025.09.18-15.51.25:173][  0]LogShaderLibrary: Display: ShaderCodeLibraryPakFileMountedCallback: PakFile 'C:/Program Files/Epic Games/UE_4.27/FeaturePacks/TP_FlyingBP.upack' (chunk index -1, root 'root:/') mounted
[2025.09.18-15.51.25:173][  0]LogShaderLibrary: Display: ShaderCodeLibraryPakFileMountedCallback: pending pak file info (ChunkID:-1 Root:root:/ File:C:/Program Files/Epic Games/UE_4.27/FeaturePacks/TP_FlyingBP.upack)
[2025.09.18-15.51.25:173][  0]LogPakFile: OnPakFileMounted2Time == 0.000032
[2025.09.18-15.51.25:174][  0]LogPakFile: PakFile PrimaryIndexSize=188
[2025.09.18-15.51.25:174][  0]LogPakFile: PakFile PathHashIndexSize=101
[2025.09.18-15.51.25:174][  0]LogPakFile: PakFile FullDirectoryIndexSize=150
[2025.09.18-15.51.25:174][  0]LogShaderLibrary: Display: ShaderCodeLibraryPakFileMountedCallback: PakFile 'C:/Program Files/Epic Games/UE_4.27/FeaturePacks/TP_HandheldARBP.upack' (chunk index -1, root 'root:/') mounted
[2025.09.18-15.51.25:174][  0]LogShaderLibrary: Display: ShaderCodeLibraryPakFileMountedCallback: pending pak file info (ChunkID:-1 Root:root:/ File:C:/Program Files/Epic Games/UE_4.27/FeaturePacks/TP_HandheldARBP.upack)
[2025.09.18-15.51.25:174][  0]LogPakFile: OnPakFileMounted2Time == 0.000023
[2025.09.18-15.51.25:176][  0]LogPakFile: PakFile PrimaryIndexSize=182
[2025.09.18-15.51.25:176][  0]LogPakFile: PakFile PathHashIndexSize=101
[2025.09.18-15.51.25:176][  0]LogPakFile: PakFile FullDirectoryIndexSize=138
[2025.09.18-15.51.25:176][  0]LogShaderLibrary: Display: ShaderCodeLibraryPakFileMountedCallback: PakFile 'C:/Program Files/Epic Games/UE_4.27/FeaturePacks/TP_Puzzle.upack' (chunk index -1, root 'root:/') mounted
[2025.09.18-15.51.25:176][  0]LogShaderLibrary: Display: ShaderCodeLibraryPakFileMountedCallback: pending pak file info (ChunkID:-1 Root:root:/ File:C:/Program Files/Epic Games/UE_4.27/FeaturePacks/TP_Puzzle.upack)
[2025.09.18-15.51.25:176][  0]LogPakFile: OnPakFileMounted2Time == 0.000023
[2025.09.18-15.51.25:177][  0]LogPakFile: PakFile PrimaryIndexSize=184
[2025.09.18-15.51.25:177][  0]LogPakFile: PakFile PathHashIndexSize=101
[2025.09.18-15.51.25:177][  0]LogPakFile: PakFile FullDirectoryIndexSize=142
[2025.09.18-15.51.25:177][  0]LogShaderLibrary: Display: ShaderCodeLibraryPakFileMountedCallback: PakFile 'C:/Program Files/Epic Games/UE_4.27/FeaturePacks/TP_PuzzleBP.upack' (chunk index -1, root 'root:/') mounted
[2025.09.18-15.51.25:177][  0]LogShaderLibrary: Display: ShaderCodeLibraryPakFileMountedCallback: pending pak file info (ChunkID:-1 Root:root:/ File:C:/Program Files/Epic Games/UE_4.27/FeaturePacks/TP_PuzzleBP.upack)
[2025.09.18-15.51.25:177][  0]LogPakFile: OnPakFileMounted2Time == 0.000023
[2025.09.18-15.51.25:178][  0]LogPakFile: PakFile PrimaryIndexSize=183
[2025.09.18-15.51.25:178][  0]LogPakFile: PakFile PathHashIndexSize=101
[2025.09.18-15.51.25:178][  0]LogPakFile: PakFile FullDirectoryIndexSize=140
[2025.09.18-15.51.25:178][  0]LogShaderLibrary: Display: ShaderCodeLibraryPakFileMountedCallback: PakFile 'C:/Program Files/Epic Games/UE_4.27/FeaturePacks/TP_Rolling.upack' (chunk index -1, root 'root:/') mounted
[2025.09.18-15.51.25:178][  0]LogShaderLibrary: Display: ShaderCodeLibraryPakFileMountedCallback: pending pak file info (ChunkID:-1 Root:root:/ File:C:/Program Files/Epic Games/UE_4.27/FeaturePacks/TP_Rolling.upack)
[2025.09.18-15.51.25:178][  0]LogPakFile: OnPakFileMounted2Time == 0.000029
[2025.09.18-15.51.25:179][  0]LogPakFile: PakFile PrimaryIndexSize=185
[2025.09.18-15.51.25:179][  0]LogPakFile: PakFile PathHashIndexSize=101
[2025.09.18-15.51.25:179][  0]LogPakFile: PakFile FullDirectoryIndexSize=144
[2025.09.18-15.51.25:179][  0]LogShaderLibrary: Display: ShaderCodeLibraryPakFileMountedCallback: PakFile 'C:/Program Files/Epic Games/UE_4.27/FeaturePacks/TP_RollingBP.upack' (chunk index -1, root 'root:/') mounted
[2025.09.18-15.51.25:179][  0]LogShaderLibrary: Display: ShaderCodeLibraryPakFileMountedCallback: pending pak file info (ChunkID:-1 Root:root:/ File:C:/Program Files/Epic Games/UE_4.27/FeaturePacks/TP_RollingBP.upack)
[2025.09.18-15.51.25:179][  0]LogPakFile: OnPakFileMounted2Time == 0.000023
[2025.09.18-15.51.25:180][  0]LogPakFile: PakFile PrimaryIndexSize=188
[2025.09.18-15.51.25:180][  0]LogPakFile: PakFile PathHashIndexSize=101
[2025.09.18-15.51.25:180][  0]LogPakFile: PakFile FullDirectoryIndexSize=150
[2025.09.18-15.51.25:180][  0]LogShaderLibrary: Display: ShaderCodeLibraryPakFileMountedCallback: PakFile 'C:/Program Files/Epic Games/UE_4.27/FeaturePacks/TP_SideScroller.upack' (chunk index -1, root 'root:/') mounted
[2025.09.18-15.51.25:180][  0]LogShaderLibrary: Display: ShaderCodeLibraryPakFileMountedCallback: pending pak file info (ChunkID:-1 Root:root:/ File:C:/Program Files/Epic Games/UE_4.27/FeaturePacks/TP_SideScroller.upack)
[2025.09.18-15.51.25:180][  0]LogPakFile: OnPakFileMounted2Time == 0.000028
[2025.09.18-15.51.25:182][  0]LogPakFile: PakFile PrimaryIndexSize=190
[2025.09.18-15.51.25:182][  0]LogPakFile: PakFile PathHashIndexSize=101
[2025.09.18-15.51.25:182][  0]LogPakFile: PakFile FullDirectoryIndexSize=154
[2025.09.18-15.51.25:182][  0]LogShaderLibrary: Display: ShaderCodeLibraryPakFileMountedCallback: PakFile 'C:/Program Files/Epic Games/UE_4.27/FeaturePacks/TP_SideScrollerBP.upack' (chunk index -1, root 'root:/') mounted
[2025.09.18-15.51.25:182][  0]LogShaderLibrary: Display: ShaderCodeLibraryPakFileMountedCallback: pending pak file info (ChunkID:-1 Root:root:/ File:C:/Program Files/Epic Games/UE_4.27/FeaturePacks/TP_SideScrollerBP.upack)
[2025.09.18-15.51.25:182][  0]LogPakFile: OnPakFileMounted2Time == 0.000030
[2025.09.18-15.51.25:183][  0]LogPakFile: PakFile PrimaryIndexSize=187
[2025.09.18-15.51.25:183][  0]LogPakFile: PakFile PathHashIndexSize=101
[2025.09.18-15.51.25:183][  0]LogPakFile: PakFile FullDirectoryIndexSize=148
[2025.09.18-15.51.25:183][  0]LogShaderLibrary: Display: ShaderCodeLibraryPakFileMountedCallback: PakFile 'C:/Program Files/Epic Games/UE_4.27/FeaturePacks/TP_ThirdPerson.upack' (chunk index -1, root 'root:/') mounted
[2025.09.18-15.51.25:183][  0]LogShaderLibrary: Display: ShaderCodeLibraryPakFileMountedCallback: pending pak file info (ChunkID:-1 Root:root:/ File:C:/Program Files/Epic Games/UE_4.27/FeaturePacks/TP_ThirdPerson.upack)
[2025.09.18-15.51.25:183][  0]LogPakFile: OnPakFileMounted2Time == 0.000023
[2025.09.18-15.51.25:183][  0]LogPakFile: PakFile PrimaryIndexSize=189
[2025.09.18-15.51.25:183][  0]LogPakFile: PakFile PathHashIndexSize=101
[2025.09.18-15.51.25:183][  0]LogPakFile: PakFile FullDirectoryIndexSize=152
[2025.09.18-15.51.25:183][  0]LogShaderLibrary: Display: ShaderCodeLibraryPakFileMountedCallback: PakFile 'C:/Program Files/Epic Games/UE_4.27/FeaturePacks/TP_ThirdPersonBP.upack' (chunk index -1, root 'root:/') mounted
[2025.09.18-15.51.25:183][  0]LogShaderLibrary: Display: ShaderCodeLibraryPakFileMountedCallback: pending pak file info (ChunkID:-1 Root:root:/ File:C:/Program Files/Epic Games/UE_4.27/FeaturePacks/TP_ThirdPersonBP.upack)
[2025.09.18-15.51.25:183][  0]LogPakFile: OnPakFileMounted2Time == 0.000024
[2025.09.18-15.51.25:184][  0]LogPakFile: PakFile PrimaryIndexSize=183
[2025.09.18-15.51.25:184][  0]LogPakFile: PakFile PathHashIndexSize=101
[2025.09.18-15.51.25:184][  0]LogPakFile: PakFile FullDirectoryIndexSize=140
[2025.09.18-15.51.25:184][  0]LogShaderLibrary: Display: ShaderCodeLibraryPakFileMountedCallback: PakFile 'C:/Program Files/Epic Games/UE_4.27/FeaturePacks/TP_TopDown.upack' (chunk index -1, root 'root:/') mounted
[2025.09.18-15.51.25:184][  0]LogShaderLibrary: Display: ShaderCodeLibraryPakFileMountedCallback: pending pak file info (ChunkID:-1 Root:root:/ File:C:/Program Files/Epic Games/UE_4.27/FeaturePacks/TP_TopDown.upack)
[2025.09.18-15.51.25:184][  0]LogPakFile: OnPakFileMounted2Time == 0.000030
[2025.09.18-15.51.25:185][  0]LogPakFile: PakFile PrimaryIndexSize=185
[2025.09.18-15.51.25:185][  0]LogPakFile: PakFile PathHashIndexSize=101
[2025.09.18-15.51.25:185][  0]LogPakFile: PakFile FullDirectoryIndexSize=144
[2025.09.18-15.51.25:185][  0]LogShaderLibrary: Display: ShaderCodeLibraryPakFileMountedCallback: PakFile 'C:/Program Files/Epic Games/UE_4.27/FeaturePacks/TP_TopDownBP.upack' (chunk index -1, root 'root:/') mounted
[2025.09.18-15.51.25:186][  0]LogShaderLibrary: Display: ShaderCodeLibraryPakFileMountedCallback: pending pak file info (ChunkID:-1 Root:root:/ File:C:/Program Files/Epic Games/UE_4.27/FeaturePacks/TP_TopDownBP.upack)
[2025.09.18-15.51.25:186][  0]LogPakFile: OnPakFileMounted2Time == 0.000024
[2025.09.18-15.51.25:187][  0]LogPakFile: PakFile PrimaryIndexSize=185
[2025.09.18-15.51.25:187][  0]LogPakFile: PakFile PathHashIndexSize=101
[2025.09.18-15.51.25:187][  0]LogPakFile: PakFile FullDirectoryIndexSize=144
[2025.09.18-15.51.25:187][  0]LogShaderLibrary: Display: ShaderCodeLibraryPakFileMountedCallback: PakFile 'C:/Program Files/Epic Games/UE_4.27/FeaturePacks/TP_TwinStick.upack' (chunk index -1, root 'root:/') mounted
[2025.09.18-15.51.25:187][  0]LogShaderLibrary: Display: ShaderCodeLibraryPakFileMountedCallback: pending pak file info (ChunkID:-1 Root:root:/ File:C:/Program Files/Epic Games/UE_4.27/FeaturePacks/TP_TwinStick.upack)
[2025.09.18-15.51.25:187][  0]LogPakFile: OnPakFileMounted2Time == 0.000023
[2025.09.18-15.51.25:188][  0]LogPakFile: PakFile PrimaryIndexSize=187
[2025.09.18-15.51.25:188][  0]LogPakFile: PakFile PathHashIndexSize=101
[2025.09.18-15.51.25:188][  0]LogPakFile: PakFile FullDirectoryIndexSize=148
[2025.09.18-15.51.25:188][  0]LogShaderLibrary: Display: ShaderCodeLibraryPakFileMountedCallback: PakFile 'C:/Program Files/Epic Games/UE_4.27/FeaturePacks/TP_TwinStickBP.upack' (chunk index -1, root 'root:/') mounted
[2025.09.18-15.51.25:188][  0]LogShaderLibrary: Display: ShaderCodeLibraryPakFileMountedCallback: pending pak file info (ChunkID:-1 Root:root:/ File:C:/Program Files/Epic Games/UE_4.27/FeaturePacks/TP_TwinStickBP.upack)
[2025.09.18-15.51.25:188][  0]LogPakFile: OnPakFileMounted2Time == 0.000023
[2025.09.18-15.51.25:189][  0]LogPakFile: PakFile PrimaryIndexSize=183
[2025.09.18-15.51.25:189][  0]LogPakFile: PakFile PathHashIndexSize=101
[2025.09.18-15.51.25:189][  0]LogPakFile: PakFile FullDirectoryIndexSize=140
[2025.09.18-15.51.25:189][  0]LogShaderLibrary: Display: ShaderCodeLibraryPakFileMountedCallback: PakFile 'C:/Program Files/Epic Games/UE_4.27/FeaturePacks/TP_Vehicle.upack' (chunk index -1, root 'root:/') mounted
[2025.09.18-15.51.25:189][  0]LogShaderLibrary: Display: ShaderCodeLibraryPakFileMountedCallback: pending pak file info (ChunkID:-1 Root:root:/ File:C:/Program Files/Epic Games/UE_4.27/FeaturePacks/TP_Vehicle.upack)
[2025.09.18-15.51.25:189][  0]LogPakFile: OnPakFileMounted2Time == 0.000023
[2025.09.18-15.51.25:190][  0]LogPakFile: PakFile PrimaryIndexSize=186
[2025.09.18-15.51.25:190][  0]LogPakFile: PakFile PathHashIndexSize=101
[2025.09.18-15.51.25:190][  0]LogPakFile: PakFile FullDirectoryIndexSize=146
[2025.09.18-15.51.25:190][  0]LogShaderLibrary: Display: ShaderCodeLibraryPakFileMountedCallback: PakFile 'C:/Program Files/Epic Games/UE_4.27/FeaturePacks/TP_VehicleAdv.upack' (chunk index -1, root 'root:/') mounted
[2025.09.18-15.51.25:190][  0]LogShaderLibrary: Display: ShaderCodeLibraryPakFileMountedCallback: pending pak file info (ChunkID:-1 Root:root:/ File:C:/Program Files/Epic Games/UE_4.27/FeaturePacks/TP_VehicleAdv.upack)
[2025.09.18-15.51.25:190][  0]LogPakFile: OnPakFileMounted2Time == 0.000024
[2025.09.18-15.51.25:191][  0]LogPakFile: PakFile PrimaryIndexSize=188
[2025.09.18-15.51.25:191][  0]LogPakFile: PakFile PathHashIndexSize=101
[2025.09.18-15.51.25:191][  0]LogPakFile: PakFile FullDirectoryIndexSize=150
[2025.09.18-15.51.25:191][  0]LogShaderLibrary: Display: ShaderCodeLibraryPakFileMountedCallback: PakFile 'C:/Program Files/Epic Games/UE_4.27/FeaturePacks/TP_VehicleAdvBP.upack' (chunk index -1, root 'root:/') mounted
[2025.09.18-15.51.25:191][  0]LogShaderLibrary: Display: ShaderCodeLibraryPakFileMountedCallback: pending pak file info (ChunkID:-1 Root:root:/ File:C:/Program Files/Epic Games/UE_4.27/FeaturePacks/TP_VehicleAdvBP.upack)
[2025.09.18-15.51.25:191][  0]LogPakFile: OnPakFileMounted2Time == 0.000023
[2025.09.18-15.51.25:192][  0]LogPakFile: PakFile PrimaryIndexSize=185
[2025.09.18-15.51.25:192][  0]LogPakFile: PakFile PathHashIndexSize=101
[2025.09.18-15.51.25:192][  0]LogPakFile: PakFile FullDirectoryIndexSize=144
[2025.09.18-15.51.25:192][  0]LogShaderLibrary: Display: ShaderCodeLibraryPakFileMountedCallback: PakFile 'C:/Program Files/Epic Games/UE_4.27/FeaturePacks/TP_VehicleBP.upack' (chunk index -1, root 'root:/') mounted
[2025.09.18-15.51.25:192][  0]LogShaderLibrary: Display: ShaderCodeLibraryPakFileMountedCallback: pending pak file info (ChunkID:-1 Root:root:/ File:C:/Program Files/Epic Games/UE_4.27/FeaturePacks/TP_VehicleBP.upack)
[2025.09.18-15.51.25:192][  0]LogPakFile: OnPakFileMounted2Time == 0.000030
[2025.09.18-15.51.25:192][  0]LogPakFile: PakFile PrimaryIndexSize=192
[2025.09.18-15.51.25:192][  0]LogPakFile: PakFile PathHashIndexSize=101
[2025.09.18-15.51.25:192][  0]LogPakFile: PakFile FullDirectoryIndexSize=158
[2025.09.18-15.51.25:192][  0]LogShaderLibrary: Display: ShaderCodeLibraryPakFileMountedCallback: PakFile 'C:/Program Files/Epic Games/UE_4.27/FeaturePacks/TP_VirtualRealityBP.upack' (chunk index -1, root 'root:/') mounted
[2025.09.18-15.51.25:192][  0]LogShaderLibrary: Display: ShaderCodeLibraryPakFileMountedCallback: pending pak file info (ChunkID:-1 Root:root:/ File:C:/Program Files/Epic Games/UE_4.27/FeaturePacks/TP_VirtualRealityBP.upack)
[2025.09.18-15.51.25:192][  0]LogPakFile: OnPakFileMounted2Time == 0.000023
[2025.09.18-15.51.25:319][  0]LogNativeClassHierarchy: Verbose: Native class hierarchy updated for 'AddContentDialog' in 0.0003 seconds. Added 0 classes and 0 folders.
[2025.09.18-15.51.25:322][  0]LogNativeClassHierarchy: Verbose: Native class hierarchy updated for 'SceneOutliner' in 0.0002 seconds. Added 2 classes and 0 folders.
[2025.09.18-15.51.25:446][  0]LogSlate: Took 0.000543 seconds to synchronously load lazily loaded font '../../../Engine/Content/Slate/Fonts/Roboto-Regular.ttf' (155K)
[2025.09.18-15.51.25:447][  0]LogSlate: Took 0.000394 seconds to synchronously load lazily loaded font '../../../Engine/Content/Editor/Slate/Fonts/FontAwesome.ttf' (139K)
[2025.09.18-15.51.25:449][  0]LogSlate: Took 0.000360 seconds to synchronously load lazily loaded font '../../../Engine/Content/Slate/Fonts/Roboto-Bold.ttf' (160K)
[2025.09.18-15.51.25:506][  0]LogRenderer: Reallocating scene render targets to support 1528x568 Format 10 NumSamples 1 (Frame:1).
[2025.09.18-15.51.25:648][  0]LogNativeClassHierarchy: Verbose: Native class hierarchy updated for 'HierarchicalLODOutliner' in 0.0002 seconds. Added 0 classes and 0 folders.
[2025.09.18-15.51.25:648][  0]LogInput: Warning: Action Jump uses invalid key OculusGo_Left_Trigger_Click.
[2025.09.18-15.51.25:648][  0]LogInput: Warning: Use -RemoveInvalidKeys to remove instances of these keys from the action mapping.
[2025.09.18-15.51.25:648][  0]LogLoad: (Engine Initialization) Total time: 29.42 seconds
[2025.09.18-15.51.25:648][  0]LogLoad: (Engine Initialization) Total Blueprint compile time: 0.00 seconds
[2025.09.18-15.51.25:692][  0]LogAssetRegistry: Asset discovery search completed in 26.3505 seconds
[2025.09.18-15.51.25:698][  0]LogCollectionManager: Fixed up redirectors for 0 collections in 0.000008 seconds (updated 0 objects)
[2025.09.18-15.51.25:702][  0]LogContentStreaming: Texture pool size now 1000 MB
[2025.09.18-15.51.26:342][  2]LogSlate: Took 0.000472 seconds to synchronously load lazily loaded font '../../../Engine/Content/Slate/Fonts/Roboto-Light.ttf' (167K)
[2025.09.18-15.51.29:687][ 13]LogSourceControl: Error: P4ERROR: Invalid connection to server.
[2025.09.18-15.51.29:687][ 13]LogSourceControl: Error: Connect to server failed; check $P4PORT.
TCP connect to perforce:1666 failed.
Der angegebene Host ist unbekannt. 

[2025.09.18-15.51.30:356][ 15]LogSourceControl: Error: P4ERROR: Invalid connection to server.
[2025.09.18-15.51.30:356][ 15]LogSourceControl: Error: Connect to server failed; check $P4PORT.
TCP connect to perforce:1666 failed.
Der angegebene Host ist unbekannt. 

[2025.09.18-15.51.34:055][ 26]LogSourceControl: Error: P4ERROR: Invalid connection to server.
[2025.09.18-15.51.34:055][ 26]LogSourceControl: Error: Connect to server failed; check $P4PORT.
TCP connect to perforce:1666 failed.
Der angegebene Host ist unbekannt. 

